<?xml version="1.0" encoding="UTF-8"?>
<testng-results skipped="34" failed="0" total="34" passed="0">
  <reporter-output>
  </reporter-output>
  <suite name="Suite1" duration-ms="2982" started-at="2018-07-17T13:19:26Z" finished-at="2018-07-17T13:19:29Z">
    <groups>
    </groups>
    <test name="Registration Page" duration-ms="2982" started-at="2018-07-17T13:19:26Z" finished-at="2018-07-17T13:19:29Z">
      <class name="com.DeltaX.TestUtility.RegistrationTest">
        <test-method status="FAIL" signature="beforTest()[pri:0, instance:com.DeltaX.TestUtility.RegistrationTest@39c0f4a]" name="beforTest" is-config="true" duration-ms="0" started-at="2018-07-17T18:49:26Z" finished-at="2018-07-17T18:49:26Z">
          <exception class="org.openqa.selenium.remote.SessionNotFoundException">
            <message>
              <![CDATA[session null does not exist (WARNING: The server did not provide any stacktrace information)
Command duration or timeout: 4 milliseconds
Build info: version: '2.53.1', revision: 'a36b8b1cd5757287168e54b817830adce9b0158d', time: '2016-06-30 19:26:09'
System info: host: 'A2ML26251', ip: '192.168.43.25', os.name: 'Windows 10', os.arch: 'amd64', os.version: '10.0', java.version: '1.8.0_72'
Driver info: org.openqa.selenium.ie.InternetExplorerDriver
Capabilities [{data=null, stacktrace=, error=session not created, message=Unexpected error launching Internet Explorer. Browser zoom level was set to 150%. It should be set to 100%, platform=ANY}]
Session ID: null]]>
            </message>
            <full-stacktrace>
              <![CDATA[org.openqa.selenium.remote.SessionNotFoundException: session null does not exist (WARNING: The server did not provide any stacktrace information)
Command duration or timeout: 4 milliseconds
Build info: version: '2.53.1', revision: 'a36b8b1cd5757287168e54b817830adce9b0158d', time: '2016-06-30 19:26:09'
System info: host: 'A2ML26251', ip: '192.168.43.25', os.name: 'Windows 10', os.arch: 'amd64', os.version: '10.0', java.version: '1.8.0_72'
Driver info: org.openqa.selenium.ie.InternetExplorerDriver
Capabilities [{data=null, stacktrace=, error=session not created, message=Unexpected error launching Internet Explorer. Browser zoom level was set to 150%. It should be set to 100%, platform=ANY}]
Session ID: null
	at sun.reflect.NativeConstructorAccessorImpl.newInstance0(Native Method)
	at sun.reflect.NativeConstructorAccessorImpl.newInstance(Unknown Source)
	at sun.reflect.DelegatingConstructorAccessorImpl.newInstance(Unknown Source)
	at java.lang.reflect.Constructor.newInstance(Unknown Source)
	at org.openqa.selenium.remote.ErrorHandler.createThrowable(ErrorHandler.java:206)
	at org.openqa.selenium.remote.ErrorHandler.throwIfResponseFailed(ErrorHandler.java:158)
	at org.openqa.selenium.remote.RemoteWebDriver.execute(RemoteWebDriver.java:678)
	at org.openqa.selenium.remote.RemoteWebDriver$RemoteWebDriverOptions$RemoteTimeouts.implicitlyWait(RemoteWebDriver.java:865)
	at com.DeltaX.controller.CommonUtility.CommonUtility(CommonUtility.java:46)
	at com.DeltaX.TestUtility.RegistrationTest.beforTest(RegistrationTest.java:22)
	at sun.reflect.NativeMethodAccessorImpl.invoke0(Native Method)
	at sun.reflect.NativeMethodAccessorImpl.invoke(Unknown Source)
	at sun.reflect.DelegatingMethodAccessorImpl.invoke(Unknown Source)
	at java.lang.reflect.Method.invoke(Unknown Source)
	at org.testng.internal.MethodInvocationHelper.invokeMethod(MethodInvocationHelper.java:86)
	at org.testng.internal.Invoker.invokeConfigurationMethod(Invoker.java:514)
	at org.testng.internal.Invoker.invokeConfigurations(Invoker.java:215)
	at org.testng.internal.Invoker.invokeMethod(Invoker.java:589)
	at org.testng.internal.Invoker.invokeTestMethod(Invoker.java:820)
	at org.testng.internal.Invoker.invokeTestMethods(Invoker.java:1128)
	at org.testng.internal.TestMethodWorker.invokeTestMethods(TestMethodWorker.java:129)
	at org.testng.internal.TestMethodWorker.run(TestMethodWorker.java:112)
	at org.testng.TestRunner.privateRun(TestRunner.java:782)
	at org.testng.TestRunner.run(TestRunner.java:632)
	at org.testng.SuiteRunner.runTest(SuiteRunner.java:366)
	at org.testng.SuiteRunner.runSequentially(SuiteRunner.java:361)
	at org.testng.SuiteRunner.privateRun(SuiteRunner.java:319)
	at org.testng.SuiteRunner.run(SuiteRunner.java:268)
	at org.testng.SuiteRunnerWorker.runSuite(SuiteRunnerWorker.java:52)
	at org.testng.SuiteRunnerWorker.run(SuiteRunnerWorker.java:86)
	at org.testng.TestNG.runSuitesSequentially(TestNG.java:1244)
	at org.testng.TestNG.runSuitesLocally(TestNG.java:1169)
	at org.testng.TestNG.run(TestNG.java:1064)
	at org.testng.remote.AbstractRemoteTestNG.run(AbstractRemoteTestNG.java:114)
	at org.testng.remote.RemoteTestNG.initAndRun(RemoteTestNG.java:251)
	at org.testng.remote.RemoteTestNG.main(RemoteTestNG.java:77)
]]>
            </full-stacktrace>
          </exception> <!-- org.openqa.selenium.remote.SessionNotFoundException -->
          <reporter-output>
          </reporter-output>
        </test-method> <!-- beforTest -->
        <test-method status="SKIP" signature="verifyRegistrationPageForManadatoryField(java.lang.String, java.lang.String, java.lang.String, java.lang.String, java.lang.String, java.lang.String, java.lang.String, java.lang.String, java.lang.String, java.lang.String)[pri:0, instance:com.DeltaX.TestUtility.RegistrationTest@39c0f4a]" name="verifyRegistrationPageForManadatoryField" duration-ms="4" started-at="2018-07-17T18:49:28Z" data-provider="TestData" finished-at="2018-07-17T18:49:28Z">
          <params>
            <param index="0">
              <value>
                <![CDATA[TC002]]>
              </value>
            </param>
            <param index="1">
              <value>
                <![CDATA[]]>
              </value>
            </param>
            <param index="2">
              <value>
                <![CDATA[Singhal]]>
              </value>
            </param>
            <param index="3">
              <value>
                <![CDATA[Sales]]>
              </value>
            </param>
            <param index="4">
              <value>
                <![CDATA[saurabhsinghal001]]>
              </value>
            </param>
            <param index="5">
              <value>
                <![CDATA[password123]]>
              </value>
            </param>
            <param index="6">
              <value>
                <![CDATA[password123]]>
              </value>
            </param>
            <param index="7">
              <value>
                <![CDATA[xyz@gmail.com]]>
              </value>
            </param>
            <param index="8">
              <value>
                <![CDATA[1131313131]]>
              </value>
            </param>
            <param index="9">
              <value>
                <![CDATA[Please enter your First Name]]>
              </value>
            </param>
          </params>
          <reporter-output>
          </reporter-output>
        </test-method> <!-- verifyRegistrationPageForManadatoryField -->
        <test-method status="SKIP" signature="afterTest()[pri:0, instance:com.DeltaX.TestUtility.RegistrationTest@39c0f4a]" name="afterTest" is-config="true" duration-ms="0" started-at="2018-07-17T18:49:28Z" finished-at="2018-07-17T18:49:28Z">
          <reporter-output>
          </reporter-output>
        </test-method> <!-- afterTest -->
        <test-method status="SKIP" signature="beforTest()[pri:0, instance:com.DeltaX.TestUtility.RegistrationTest@39c0f4a]" name="beforTest" is-config="true" duration-ms="0" started-at="2018-07-17T18:49:28Z" finished-at="2018-07-17T18:49:28Z">
          <reporter-output>
          </reporter-output>
        </test-method> <!-- beforTest -->
        <test-method status="SKIP" signature="verifyRegistrationPageForManadatoryField(java.lang.String, java.lang.String, java.lang.String, java.lang.String, java.lang.String, java.lang.String, java.lang.String, java.lang.String, java.lang.String, java.lang.String)[pri:0, instance:com.DeltaX.TestUtility.RegistrationTest@39c0f4a]" name="verifyRegistrationPageForManadatoryField" duration-ms="3" started-at="2018-07-17T18:49:28Z" data-provider="TestData" finished-at="2018-07-17T18:49:28Z">
          <params>
            <param index="0">
              <value>
                <![CDATA[TC003]]>
              </value>
            </param>
            <param index="1">
              <value>
                <![CDATA[S]]>
              </value>
            </param>
            <param index="2">
              <value>
                <![CDATA[Singhal]]>
              </value>
            </param>
            <param index="3">
              <value>
                <![CDATA[Sales]]>
              </value>
            </param>
            <param index="4">
              <value>
                <![CDATA[saurabhsinghal001]]>
              </value>
            </param>
            <param index="5">
              <value>
                <![CDATA[password123]]>
              </value>
            </param>
            <param index="6">
              <value>
                <![CDATA[password123]]>
              </value>
            </param>
            <param index="7">
              <value>
                <![CDATA[xyz@gmail.com]]>
              </value>
            </param>
            <param index="8">
              <value>
                <![CDATA[1131313131]]>
              </value>
            </param>
            <param index="9">
              <value>
                <![CDATA[This value is not valid]]>
              </value>
            </param>
          </params>
          <reporter-output>
          </reporter-output>
        </test-method> <!-- verifyRegistrationPageForManadatoryField -->
        <test-method status="SKIP" signature="afterTest()[pri:0, instance:com.DeltaX.TestUtility.RegistrationTest@39c0f4a]" name="afterTest" is-config="true" duration-ms="0" started-at="2018-07-17T18:49:28Z" finished-at="2018-07-17T18:49:28Z">
          <reporter-output>
          </reporter-output>
        </test-method> <!-- afterTest -->
        <test-method status="SKIP" signature="beforTest()[pri:0, instance:com.DeltaX.TestUtility.RegistrationTest@39c0f4a]" name="beforTest" is-config="true" duration-ms="0" started-at="2018-07-17T18:49:28Z" finished-at="2018-07-17T18:49:28Z">
          <reporter-output>
          </reporter-output>
        </test-method> <!-- beforTest -->
        <test-method status="SKIP" signature="verifyRegistrationPageForManadatoryField(java.lang.String, java.lang.String, java.lang.String, java.lang.String, java.lang.String, java.lang.String, java.lang.String, java.lang.String, java.lang.String, java.lang.String)[pri:0, instance:com.DeltaX.TestUtility.RegistrationTest@39c0f4a]" name="verifyRegistrationPageForManadatoryField" duration-ms="1" started-at="2018-07-17T18:49:28Z" data-provider="TestData" finished-at="2018-07-17T18:49:28Z">
          <params>
            <param index="0">
              <value>
                <![CDATA[TC004]]>
              </value>
            </param>
            <param index="1">
              <value>
                <![CDATA[Sa]]>
              </value>
            </param>
            <param index="2">
              <value>
                <![CDATA[Singhal]]>
              </value>
            </param>
            <param index="3">
              <value>
                <![CDATA[Sales]]>
              </value>
            </param>
            <param index="4">
              <value>
                <![CDATA[saurabhsinghal001]]>
              </value>
            </param>
            <param index="5">
              <value>
                <![CDATA[password123]]>
              </value>
            </param>
            <param index="6">
              <value>
                <![CDATA[password123]]>
              </value>
            </param>
            <param index="7">
              <value>
                <![CDATA[xyz@gmail.com]]>
              </value>
            </param>
            <param index="8">
              <value>
                <![CDATA[1131313131]]>
              </value>
            </param>
            <param index="9">
              <value>
                <![CDATA[http://adjiva.com/qa-test/thanks.html]]>
              </value>
            </param>
          </params>
          <reporter-output>
          </reporter-output>
        </test-method> <!-- verifyRegistrationPageForManadatoryField -->
        <test-method status="SKIP" signature="afterTest()[pri:0, instance:com.DeltaX.TestUtility.RegistrationTest@39c0f4a]" name="afterTest" is-config="true" duration-ms="0" started-at="2018-07-17T18:49:28Z" finished-at="2018-07-17T18:49:28Z">
          <reporter-output>
          </reporter-output>
        </test-method> <!-- afterTest -->
        <test-method status="SKIP" signature="beforTest()[pri:0, instance:com.DeltaX.TestUtility.RegistrationTest@39c0f4a]" name="beforTest" is-config="true" duration-ms="0" started-at="2018-07-17T18:49:28Z" finished-at="2018-07-17T18:49:28Z">
          <reporter-output>
          </reporter-output>
        </test-method> <!-- beforTest -->
        <test-method status="SKIP" signature="verifyRegistrationPageForManadatoryField(java.lang.String, java.lang.String, java.lang.String, java.lang.String, java.lang.String, java.lang.String, java.lang.String, java.lang.String, java.lang.String, java.lang.String)[pri:0, instance:com.DeltaX.TestUtility.RegistrationTest@39c0f4a]" name="verifyRegistrationPageForManadatoryField" duration-ms="2" started-at="2018-07-17T18:49:28Z" data-provider="TestData" finished-at="2018-07-17T18:49:28Z">
          <params>
            <param index="0">
              <value>
                <![CDATA[TC005]]>
              </value>
            </param>
            <param index="1">
              <value>
                <![CDATA[Saura12@]]>
              </value>
            </param>
            <param index="2">
              <value>
                <![CDATA[Singhal]]>
              </value>
            </param>
            <param index="3">
              <value>
                <![CDATA[Sales]]>
              </value>
            </param>
            <param index="4">
              <value>
                <![CDATA[saurabhsinghal001]]>
              </value>
            </param>
            <param index="5">
              <value>
                <![CDATA[password123]]>
              </value>
            </param>
            <param index="6">
              <value>
                <![CDATA[password123]]>
              </value>
            </param>
            <param index="7">
              <value>
                <![CDATA[xyz@gmail.com]]>
              </value>
            </param>
            <param index="8">
              <value>
                <![CDATA[1131313131]]>
              </value>
            </param>
            <param index="9">
              <value>
                <![CDATA[This value is not valid]]>
              </value>
            </param>
          </params>
          <reporter-output>
          </reporter-output>
        </test-method> <!-- verifyRegistrationPageForManadatoryField -->
        <test-method status="SKIP" signature="afterTest()[pri:0, instance:com.DeltaX.TestUtility.RegistrationTest@39c0f4a]" name="afterTest" is-config="true" duration-ms="0" started-at="2018-07-17T18:49:28Z" finished-at="2018-07-17T18:49:28Z">
          <reporter-output>
          </reporter-output>
        </test-method> <!-- afterTest -->
        <test-method status="SKIP" signature="beforTest()[pri:0, instance:com.DeltaX.TestUtility.RegistrationTest@39c0f4a]" name="beforTest" is-config="true" duration-ms="0" started-at="2018-07-17T18:49:28Z" finished-at="2018-07-17T18:49:28Z">
          <reporter-output>
          </reporter-output>
        </test-method> <!-- beforTest -->
        <test-method status="SKIP" signature="verifyRegistrationPageForManadatoryField(java.lang.String, java.lang.String, java.lang.String, java.lang.String, java.lang.String, java.lang.String, java.lang.String, java.lang.String, java.lang.String, java.lang.String)[pri:0, instance:com.DeltaX.TestUtility.RegistrationTest@39c0f4a]" name="verifyRegistrationPageForManadatoryField" duration-ms="1" started-at="2018-07-17T18:49:28Z" data-provider="TestData" finished-at="2018-07-17T18:49:28Z">
          <params>
            <param index="0">
              <value>
                <![CDATA[TC006]]>
              </value>
            </param>
            <param index="1">
              <value>
                <![CDATA[Saurabh]]>
              </value>
            </param>
            <param index="2">
              <value>
                <![CDATA[Singhal]]>
              </value>
            </param>
            <param index="3">
              <value>
                <![CDATA[Sales]]>
              </value>
            </param>
            <param index="4">
              <value>
                <![CDATA[saurabhsinghal001]]>
              </value>
            </param>
            <param index="5">
              <value>
                <![CDATA[password123]]>
              </value>
            </param>
            <param index="6">
              <value>
                <![CDATA[password123]]>
              </value>
            </param>
            <param index="7">
              <value>
                <![CDATA[xyz@gmail.com]]>
              </value>
            </param>
            <param index="8">
              <value>
                <![CDATA[1131313131]]>
              </value>
            </param>
            <param index="9">
              <value>
                <![CDATA[http://adjiva.com/qa-test/thanks.html]]>
              </value>
            </param>
          </params>
          <reporter-output>
          </reporter-output>
        </test-method> <!-- verifyRegistrationPageForManadatoryField -->
        <test-method status="SKIP" signature="afterTest()[pri:0, instance:com.DeltaX.TestUtility.RegistrationTest@39c0f4a]" name="afterTest" is-config="true" duration-ms="0" started-at="2018-07-17T18:49:28Z" finished-at="2018-07-17T18:49:28Z">
          <reporter-output>
          </reporter-output>
        </test-method> <!-- afterTest -->
        <test-method status="SKIP" signature="beforTest()[pri:0, instance:com.DeltaX.TestUtility.RegistrationTest@39c0f4a]" name="beforTest" is-config="true" duration-ms="0" started-at="2018-07-17T18:49:28Z" finished-at="2018-07-17T18:49:28Z">
          <reporter-output>
          </reporter-output>
        </test-method> <!-- beforTest -->
        <test-method status="SKIP" signature="verifyRegistrationPageForManadatoryField(java.lang.String, java.lang.String, java.lang.String, java.lang.String, java.lang.String, java.lang.String, java.lang.String, java.lang.String, java.lang.String, java.lang.String)[pri:0, instance:com.DeltaX.TestUtility.RegistrationTest@39c0f4a]" name="verifyRegistrationPageForManadatoryField" duration-ms="1" started-at="2018-07-17T18:49:28Z" data-provider="TestData" finished-at="2018-07-17T18:49:29Z">
          <params>
            <param index="0">
              <value>
                <![CDATA[TC007]]>
              </value>
            </param>
            <param index="1">
              <value>
                <![CDATA[Saurabh]]>
              </value>
            </param>
            <param index="2">
              <value>
                <![CDATA[]]>
              </value>
            </param>
            <param index="3">
              <value>
                <![CDATA[Sales]]>
              </value>
            </param>
            <param index="4">
              <value>
                <![CDATA[saurabhsinghal001]]>
              </value>
            </param>
            <param index="5">
              <value>
                <![CDATA[password123]]>
              </value>
            </param>
            <param index="6">
              <value>
                <![CDATA[password123]]>
              </value>
            </param>
            <param index="7">
              <value>
                <![CDATA[xyz@gmail.com]]>
              </value>
            </param>
            <param index="8">
              <value>
                <![CDATA[1131313131]]>
              </value>
            </param>
            <param index="9">
              <value>
                <![CDATA[Please enter your Last Name]]>
              </value>
            </param>
          </params>
          <reporter-output>
          </reporter-output>
        </test-method> <!-- verifyRegistrationPageForManadatoryField -->
        <test-method status="SKIP" signature="afterTest()[pri:0, instance:com.DeltaX.TestUtility.RegistrationTest@39c0f4a]" name="afterTest" is-config="true" duration-ms="0" started-at="2018-07-17T18:49:29Z" finished-at="2018-07-17T18:49:29Z">
          <reporter-output>
          </reporter-output>
        </test-method> <!-- afterTest -->
        <test-method status="SKIP" signature="beforTest()[pri:0, instance:com.DeltaX.TestUtility.RegistrationTest@39c0f4a]" name="beforTest" is-config="true" duration-ms="0" started-at="2018-07-17T18:49:29Z" finished-at="2018-07-17T18:49:29Z">
          <reporter-output>
          </reporter-output>
        </test-method> <!-- beforTest -->
        <test-method status="SKIP" signature="verifyRegistrationPageForManadatoryField(java.lang.String, java.lang.String, java.lang.String, java.lang.String, java.lang.String, java.lang.String, java.lang.String, java.lang.String, java.lang.String, java.lang.String)[pri:0, instance:com.DeltaX.TestUtility.RegistrationTest@39c0f4a]" name="verifyRegistrationPageForManadatoryField" duration-ms="0" started-at="2018-07-17T18:49:29Z" data-provider="TestData" finished-at="2018-07-17T18:49:29Z">
          <params>
            <param index="0">
              <value>
                <![CDATA[TC008]]>
              </value>
            </param>
            <param index="1">
              <value>
                <![CDATA[Saurabh]]>
              </value>
            </param>
            <param index="2">
              <value>
                <![CDATA[s]]>
              </value>
            </param>
            <param index="3">
              <value>
                <![CDATA[Sales]]>
              </value>
            </param>
            <param index="4">
              <value>
                <![CDATA[saurabhsinghal001]]>
              </value>
            </param>
            <param index="5">
              <value>
                <![CDATA[password123]]>
              </value>
            </param>
            <param index="6">
              <value>
                <![CDATA[password123]]>
              </value>
            </param>
            <param index="7">
              <value>
                <![CDATA[xyz@gmail.com]]>
              </value>
            </param>
            <param index="8">
              <value>
                <![CDATA[1131313131]]>
              </value>
            </param>
            <param index="9">
              <value>
                <![CDATA[This value is not valid]]>
              </value>
            </param>
          </params>
          <reporter-output>
          </reporter-output>
        </test-method> <!-- verifyRegistrationPageForManadatoryField -->
        <test-method status="SKIP" signature="afterTest()[pri:0, instance:com.DeltaX.TestUtility.RegistrationTest@39c0f4a]" name="afterTest" is-config="true" duration-ms="0" started-at="2018-07-17T18:49:29Z" finished-at="2018-07-17T18:49:29Z">
          <reporter-output>
          </reporter-output>
        </test-method> <!-- afterTest -->
        <test-method status="SKIP" signature="beforTest()[pri:0, instance:com.DeltaX.TestUtility.RegistrationTest@39c0f4a]" name="beforTest" is-config="true" duration-ms="0" started-at="2018-07-17T18:49:29Z" finished-at="2018-07-17T18:49:29Z">
          <reporter-output>
          </reporter-output>
        </test-method> <!-- beforTest -->
        <test-method status="SKIP" signature="verifyRegistrationPageForManadatoryField(java.lang.String, java.lang.String, java.lang.String, java.lang.String, java.lang.String, java.lang.String, java.lang.String, java.lang.String, java.lang.String, java.lang.String)[pri:0, instance:com.DeltaX.TestUtility.RegistrationTest@39c0f4a]" name="verifyRegistrationPageForManadatoryField" duration-ms="3" started-at="2018-07-17T18:49:29Z" data-provider="TestData" finished-at="2018-07-17T18:49:29Z">
          <params>
            <param index="0">
              <value>
                <![CDATA[TC009]]>
              </value>
            </param>
            <param index="1">
              <value>
                <![CDATA[Saurabh]]>
              </value>
            </param>
            <param index="2">
              <value>
                <![CDATA[si]]>
              </value>
            </param>
            <param index="3">
              <value>
                <![CDATA[Sales]]>
              </value>
            </param>
            <param index="4">
              <value>
                <![CDATA[saurabhsinghal001]]>
              </value>
            </param>
            <param index="5">
              <value>
                <![CDATA[password123]]>
              </value>
            </param>
            <param index="6">
              <value>
                <![CDATA[password123]]>
              </value>
            </param>
            <param index="7">
              <value>
                <![CDATA[xyz@gmail.com]]>
              </value>
            </param>
            <param index="8">
              <value>
                <![CDATA[1131313131]]>
              </value>
            </param>
            <param index="9">
              <value>
                <![CDATA[http://adjiva.com/qa-test/thanks.html]]>
              </value>
            </param>
          </params>
          <reporter-output>
          </reporter-output>
        </test-method> <!-- verifyRegistrationPageForManadatoryField -->
        <test-method status="SKIP" signature="afterTest()[pri:0, instance:com.DeltaX.TestUtility.RegistrationTest@39c0f4a]" name="afterTest" is-config="true" duration-ms="0" started-at="2018-07-17T18:49:29Z" finished-at="2018-07-17T18:49:29Z">
          <reporter-output>
          </reporter-output>
        </test-method> <!-- afterTest -->
        <test-method status="SKIP" signature="beforTest()[pri:0, instance:com.DeltaX.TestUtility.RegistrationTest@39c0f4a]" name="beforTest" is-config="true" duration-ms="0" started-at="2018-07-17T18:49:29Z" finished-at="2018-07-17T18:49:29Z">
          <reporter-output>
          </reporter-output>
        </test-method> <!-- beforTest -->
        <test-method status="SKIP" signature="verifyRegistrationPageForManadatoryField(java.lang.String, java.lang.String, java.lang.String, java.lang.String, java.lang.String, java.lang.String, java.lang.String, java.lang.String, java.lang.String, java.lang.String)[pri:0, instance:com.DeltaX.TestUtility.RegistrationTest@39c0f4a]" name="verifyRegistrationPageForManadatoryField" duration-ms="1" started-at="2018-07-17T18:49:29Z" data-provider="TestData" finished-at="2018-07-17T18:49:29Z">
          <params>
            <param index="0">
              <value>
                <![CDATA[TC010]]>
              </value>
            </param>
            <param index="1">
              <value>
                <![CDATA[Saurabh]]>
              </value>
            </param>
            <param index="2">
              <value>
                <![CDATA[sing4*23]]>
              </value>
            </param>
            <param index="3">
              <value>
                <![CDATA[Sales]]>
              </value>
            </param>
            <param index="4">
              <value>
                <![CDATA[saurabhsinghal001]]>
              </value>
            </param>
            <param index="5">
              <value>
                <![CDATA[password123]]>
              </value>
            </param>
            <param index="6">
              <value>
                <![CDATA[password123]]>
              </value>
            </param>
            <param index="7">
              <value>
                <![CDATA[xyz@gmail.com]]>
              </value>
            </param>
            <param index="8">
              <value>
                <![CDATA[1131313131]]>
              </value>
            </param>
            <param index="9">
              <value>
                <![CDATA[This value is not valid]]>
              </value>
            </param>
          </params>
          <reporter-output>
          </reporter-output>
        </test-method> <!-- verifyRegistrationPageForManadatoryField -->
        <test-method status="SKIP" signature="afterTest()[pri:0, instance:com.DeltaX.TestUtility.RegistrationTest@39c0f4a]" name="afterTest" is-config="true" duration-ms="0" started-at="2018-07-17T18:49:29Z" finished-at="2018-07-17T18:49:29Z">
          <reporter-output>
          </reporter-output>
        </test-method> <!-- afterTest -->
        <test-method status="SKIP" signature="beforTest()[pri:0, instance:com.DeltaX.TestUtility.RegistrationTest@39c0f4a]" name="beforTest" is-config="true" duration-ms="0" started-at="2018-07-17T18:49:29Z" finished-at="2018-07-17T18:49:29Z">
          <reporter-output>
          </reporter-output>
        </test-method> <!-- beforTest -->
        <test-method status="SKIP" signature="verifyRegistrationPageForManadatoryField(java.lang.String, java.lang.String, java.lang.String, java.lang.String, java.lang.String, java.lang.String, java.lang.String, java.lang.String, java.lang.String, java.lang.String)[pri:0, instance:com.DeltaX.TestUtility.RegistrationTest@39c0f4a]" name="verifyRegistrationPageForManadatoryField" duration-ms="1" started-at="2018-07-17T18:49:29Z" data-provider="TestData" finished-at="2018-07-17T18:49:29Z">
          <params>
            <param index="0">
              <value>
                <![CDATA[TC011]]>
              </value>
            </param>
            <param index="1">
              <value>
                <![CDATA[Saurabh]]>
              </value>
            </param>
            <param index="2">
              <value>
                <![CDATA[singhal]]>
              </value>
            </param>
            <param index="3">
              <value>
                <![CDATA[Sales]]>
              </value>
            </param>
            <param index="4">
              <value>
                <![CDATA[saurabhsinghal001]]>
              </value>
            </param>
            <param index="5">
              <value>
                <![CDATA[password123]]>
              </value>
            </param>
            <param index="6">
              <value>
                <![CDATA[password123]]>
              </value>
            </param>
            <param index="7">
              <value>
                <![CDATA[xyz@gmail.com]]>
              </value>
            </param>
            <param index="8">
              <value>
                <![CDATA[1131313131]]>
              </value>
            </param>
            <param index="9">
              <value>
                <![CDATA[http://adjiva.com/qa-test/thanks.html]]>
              </value>
            </param>
          </params>
          <reporter-output>
          </reporter-output>
        </test-method> <!-- verifyRegistrationPageForManadatoryField -->
        <test-method status="SKIP" signature="afterTest()[pri:0, instance:com.DeltaX.TestUtility.RegistrationTest@39c0f4a]" name="afterTest" is-config="true" duration-ms="0" started-at="2018-07-17T18:49:29Z" finished-at="2018-07-17T18:49:29Z">
          <reporter-output>
          </reporter-output>
        </test-method> <!-- afterTest -->
        <test-method status="SKIP" signature="beforTest()[pri:0, instance:com.DeltaX.TestUtility.RegistrationTest@39c0f4a]" name="beforTest" is-config="true" duration-ms="0" started-at="2018-07-17T18:49:29Z" finished-at="2018-07-17T18:49:29Z">
          <reporter-output>
          </reporter-output>
        </test-method> <!-- beforTest -->
        <test-method status="SKIP" signature="verifyRegistrationPageForManadatoryField(java.lang.String, java.lang.String, java.lang.String, java.lang.String, java.lang.String, java.lang.String, java.lang.String, java.lang.String, java.lang.String, java.lang.String)[pri:0, instance:com.DeltaX.TestUtility.RegistrationTest@39c0f4a]" name="verifyRegistrationPageForManadatoryField" duration-ms="9" started-at="2018-07-17T18:49:29Z" data-provider="TestData" finished-at="2018-07-17T18:49:29Z">
          <params>
            <param index="0">
              <value>
                <![CDATA[TC012]]>
              </value>
            </param>
            <param index="1">
              <value>
                <![CDATA[Saurabh]]>
              </value>
            </param>
            <param index="2">
              <value>
                <![CDATA[singhal]]>
              </value>
            </param>
            <param index="3">
              <value>
                <![CDATA[]]>
              </value>
            </param>
            <param index="4">
              <value>
                <![CDATA[saurabhsinghal001]]>
              </value>
            </param>
            <param index="5">
              <value>
                <![CDATA[password123]]>
              </value>
            </param>
            <param index="6">
              <value>
                <![CDATA[password123]]>
              </value>
            </param>
            <param index="7">
              <value>
                <![CDATA[xyz@gmail.com]]>
              </value>
            </param>
            <param index="8">
              <value>
                <![CDATA[1131313131]]>
              </value>
            </param>
            <param index="9">
              <value>
                <![CDATA[http://adjiva.com/qa-test/thanks.html]]>
              </value>
            </param>
          </params>
          <reporter-output>
          </reporter-output>
        </test-method> <!-- verifyRegistrationPageForManadatoryField -->
        <test-method status="SKIP" signature="afterTest()[pri:0, instance:com.DeltaX.TestUtility.RegistrationTest@39c0f4a]" name="afterTest" is-config="true" duration-ms="0" started-at="2018-07-17T18:49:29Z" finished-at="2018-07-17T18:49:29Z">
          <reporter-output>
          </reporter-output>
        </test-method> <!-- afterTest -->
        <test-method status="SKIP" signature="beforTest()[pri:0, instance:com.DeltaX.TestUtility.RegistrationTest@39c0f4a]" name="beforTest" is-config="true" duration-ms="0" started-at="2018-07-17T18:49:29Z" finished-at="2018-07-17T18:49:29Z">
          <reporter-output>
          </reporter-output>
        </test-method> <!-- beforTest -->
        <test-method status="SKIP" signature="verifyRegistrationPageForManadatoryField(java.lang.String, java.lang.String, java.lang.String, java.lang.String, java.lang.String, java.lang.String, java.lang.String, java.lang.String, java.lang.String, java.lang.String)[pri:0, instance:com.DeltaX.TestUtility.RegistrationTest@39c0f4a]" name="verifyRegistrationPageForManadatoryField" duration-ms="0" started-at="2018-07-17T18:49:29Z" data-provider="TestData" finished-at="2018-07-17T18:49:29Z">
          <params>
            <param index="0">
              <value>
                <![CDATA[TC013]]>
              </value>
            </param>
            <param index="1">
              <value>
                <![CDATA[Saurabh]]>
              </value>
            </param>
            <param index="2">
              <value>
                <![CDATA[singhal]]>
              </value>
            </param>
            <param index="3">
              <value>
                <![CDATA[Sales]]>
              </value>
            </param>
            <param index="4">
              <value>
                <![CDATA[saurabhsinghal001]]>
              </value>
            </param>
            <param index="5">
              <value>
                <![CDATA[password123]]>
              </value>
            </param>
            <param index="6">
              <value>
                <![CDATA[password123]]>
              </value>
            </param>
            <param index="7">
              <value>
                <![CDATA[xyz@gmail.com]]>
              </value>
            </param>
            <param index="8">
              <value>
                <![CDATA[1131313131]]>
              </value>
            </param>
            <param index="9">
              <value>
                <![CDATA[http://adjiva.com/qa-test/thanks.html]]>
              </value>
            </param>
          </params>
          <reporter-output>
          </reporter-output>
        </test-method> <!-- verifyRegistrationPageForManadatoryField -->
        <test-method status="SKIP" signature="afterTest()[pri:0, instance:com.DeltaX.TestUtility.RegistrationTest@39c0f4a]" name="afterTest" is-config="true" duration-ms="0" started-at="2018-07-17T18:49:29Z" finished-at="2018-07-17T18:49:29Z">
          <reporter-output>
          </reporter-output>
        </test-method> <!-- afterTest -->
        <test-method status="SKIP" signature="beforTest()[pri:0, instance:com.DeltaX.TestUtility.RegistrationTest@39c0f4a]" name="beforTest" is-config="true" duration-ms="0" started-at="2018-07-17T18:49:29Z" finished-at="2018-07-17T18:49:29Z">
          <reporter-output>
          </reporter-output>
        </test-method> <!-- beforTest -->
        <test-method status="SKIP" signature="verifyRegistrationPageForManadatoryField(java.lang.String, java.lang.String, java.lang.String, java.lang.String, java.lang.String, java.lang.String, java.lang.String, java.lang.String, java.lang.String, java.lang.String)[pri:0, instance:com.DeltaX.TestUtility.RegistrationTest@39c0f4a]" name="verifyRegistrationPageForManadatoryField" duration-ms="1" started-at="2018-07-17T18:49:29Z" data-provider="TestData" finished-at="2018-07-17T18:49:29Z">
          <params>
            <param index="0">
              <value>
                <![CDATA[TC014]]>
              </value>
            </param>
            <param index="1">
              <value>
                <![CDATA[Saurabh]]>
              </value>
            </param>
            <param index="2">
              <value>
                <![CDATA[singhal]]>
              </value>
            </param>
            <param index="3">
              <value>
                <![CDATA[Sales]]>
              </value>
            </param>
            <param index="4">
              <value>
                <![CDATA[]]>
              </value>
            </param>
            <param index="5">
              <value>
                <![CDATA[password123]]>
              </value>
            </param>
            <param index="6">
              <value>
                <![CDATA[password123]]>
              </value>
            </param>
            <param index="7">
              <value>
                <![CDATA[xyz@gmail.com]]>
              </value>
            </param>
            <param index="8">
              <value>
                <![CDATA[1131313131]]>
              </value>
            </param>
            <param index="9">
              <value>
                <![CDATA[Please enter your Username]]>
              </value>
            </param>
          </params>
          <reporter-output>
          </reporter-output>
        </test-method> <!-- verifyRegistrationPageForManadatoryField -->
        <test-method status="SKIP" signature="afterTest()[pri:0, instance:com.DeltaX.TestUtility.RegistrationTest@39c0f4a]" name="afterTest" is-config="true" duration-ms="0" started-at="2018-07-17T18:49:29Z" finished-at="2018-07-17T18:49:29Z">
          <reporter-output>
          </reporter-output>
        </test-method> <!-- afterTest -->
        <test-method status="SKIP" signature="beforTest()[pri:0, instance:com.DeltaX.TestUtility.RegistrationTest@39c0f4a]" name="beforTest" is-config="true" duration-ms="0" started-at="2018-07-17T18:49:29Z" finished-at="2018-07-17T18:49:29Z">
          <reporter-output>
          </reporter-output>
        </test-method> <!-- beforTest -->
        <test-method status="SKIP" signature="verifyRegistrationPageForManadatoryField(java.lang.String, java.lang.String, java.lang.String, java.lang.String, java.lang.String, java.lang.String, java.lang.String, java.lang.String, java.lang.String, java.lang.String)[pri:0, instance:com.DeltaX.TestUtility.RegistrationTest@39c0f4a]" name="verifyRegistrationPageForManadatoryField" duration-ms="1" started-at="2018-07-17T18:49:29Z" data-provider="TestData" finished-at="2018-07-17T18:49:29Z">
          <params>
            <param index="0">
              <value>
                <![CDATA[TC015]]>
              </value>
            </param>
            <param index="1">
              <value>
                <![CDATA[Saurabh]]>
              </value>
            </param>
            <param index="2">
              <value>
                <![CDATA[singhal]]>
              </value>
            </param>
            <param index="3">
              <value>
                <![CDATA[Sales]]>
              </value>
            </param>
            <param index="4">
              <value>
                <![CDATA[saurabh]]>
              </value>
            </param>
            <param index="5">
              <value>
                <![CDATA[password123]]>
              </value>
            </param>
            <param index="6">
              <value>
                <![CDATA[password123]]>
              </value>
            </param>
            <param index="7">
              <value>
                <![CDATA[xyz@gmail.com]]>
              </value>
            </param>
            <param index="8">
              <value>
                <![CDATA[1131313131]]>
              </value>
            </param>
            <param index="9">
              <value>
                <![CDATA[This value is not valid]]>
              </value>
            </param>
          </params>
          <reporter-output>
          </reporter-output>
        </test-method> <!-- verifyRegistrationPageForManadatoryField -->
        <test-method status="SKIP" signature="afterTest()[pri:0, instance:com.DeltaX.TestUtility.RegistrationTest@39c0f4a]" name="afterTest" is-config="true" duration-ms="0" started-at="2018-07-17T18:49:29Z" finished-at="2018-07-17T18:49:29Z">
          <reporter-output>
          </reporter-output>
        </test-method> <!-- afterTest -->
        <test-method status="SKIP" signature="beforTest()[pri:0, instance:com.DeltaX.TestUtility.RegistrationTest@39c0f4a]" name="beforTest" is-config="true" duration-ms="0" started-at="2018-07-17T18:49:29Z" finished-at="2018-07-17T18:49:29Z">
          <reporter-output>
          </reporter-output>
        </test-method> <!-- beforTest -->
        <test-method status="SKIP" signature="verifyRegistrationPageForManadatoryField(java.lang.String, java.lang.String, java.lang.String, java.lang.String, java.lang.String, java.lang.String, java.lang.String, java.lang.String, java.lang.String, java.lang.String)[pri:0, instance:com.DeltaX.TestUtility.RegistrationTest@39c0f4a]" name="verifyRegistrationPageForManadatoryField" duration-ms="1" started-at="2018-07-17T18:49:29Z" data-provider="TestData" finished-at="2018-07-17T18:49:29Z">
          <params>
            <param index="0">
              <value>
                <![CDATA[TC016]]>
              </value>
            </param>
            <param index="1">
              <value>
                <![CDATA[Saurabh]]>
              </value>
            </param>
            <param index="2">
              <value>
                <![CDATA[singhal]]>
              </value>
            </param>
            <param index="3">
              <value>
                <![CDATA[Engineering]]>
              </value>
            </param>
            <param index="4">
              <value>
                <![CDATA[saurabhs]]>
              </value>
            </param>
            <param index="5">
              <value>
                <![CDATA[password123]]>
              </value>
            </param>
            <param index="6">
              <value>
                <![CDATA[password123]]>
              </value>
            </param>
            <param index="7">
              <value>
                <![CDATA[xyz@gmail.com]]>
              </value>
            </param>
            <param index="8">
              <value>
                <![CDATA[1131313131]]>
              </value>
            </param>
            <param index="9">
              <value>
                <![CDATA[http://adjiva.com/qa-test/thanks.html]]>
              </value>
            </param>
          </params>
          <reporter-output>
          </reporter-output>
        </test-method> <!-- verifyRegistrationPageForManadatoryField -->
        <test-method status="SKIP" signature="beforTest()[pri:0, instance:com.DeltaX.TestUtility.RegistrationTest@39c0f4a]" name="beforTest" is-config="true" duration-ms="0" started-at="2018-07-17T18:49:29Z" finished-at="2018-07-17T18:49:29Z">
          <reporter-output>
          </reporter-output>
        </test-method> <!-- beforTest -->
        <test-method status="SKIP" signature="afterTest()[pri:0, instance:com.DeltaX.TestUtility.RegistrationTest@39c0f4a]" name="afterTest" is-config="true" duration-ms="0" started-at="2018-07-17T18:49:29Z" finished-at="2018-07-17T18:49:29Z">
          <reporter-output>
          </reporter-output>
        </test-method> <!-- afterTest -->
        <test-method status="SKIP" signature="verifyRegistrationPageForManadatoryField(java.lang.String, java.lang.String, java.lang.String, java.lang.String, java.lang.String, java.lang.String, java.lang.String, java.lang.String, java.lang.String, java.lang.String)[pri:0, instance:com.DeltaX.TestUtility.RegistrationTest@39c0f4a]" name="verifyRegistrationPageForManadatoryField" duration-ms="1" started-at="2018-07-17T18:49:29Z" data-provider="TestData" finished-at="2018-07-17T18:49:29Z">
          <params>
            <param index="0">
              <value>
                <![CDATA[TC017]]>
              </value>
            </param>
            <param index="1">
              <value>
                <![CDATA[Saurabh]]>
              </value>
            </param>
            <param index="2">
              <value>
                <![CDATA[singhal]]>
              </value>
            </param>
            <param index="3">
              <value>
                <![CDATA[Sales]]>
              </value>
            </param>
            <param index="4">
              <value>
                <![CDATA[saurabhsinghal001]]>
              </value>
            </param>
            <param index="5">
              <value>
                <![CDATA[password123]]>
              </value>
            </param>
            <param index="6">
              <value>
                <![CDATA[password123]]>
              </value>
            </param>
            <param index="7">
              <value>
                <![CDATA[xyz@gmail.com]]>
              </value>
            </param>
            <param index="8">
              <value>
                <![CDATA[1131313131]]>
              </value>
            </param>
            <param index="9">
              <value>
                <![CDATA[http://adjiva.com/qa-test/thanks.html]]>
              </value>
            </param>
          </params>
          <reporter-output>
          </reporter-output>
        </test-method> <!-- verifyRegistrationPageForManadatoryField -->
        <test-method status="SKIP" signature="afterTest()[pri:0, instance:com.DeltaX.TestUtility.RegistrationTest@39c0f4a]" name="afterTest" is-config="true" duration-ms="0" started-at="2018-07-17T18:49:29Z" finished-at="2018-07-17T18:49:29Z">
          <reporter-output>
          </reporter-output>
        </test-method> <!-- afterTest -->
        <test-method status="SKIP" signature="beforTest()[pri:0, instance:com.DeltaX.TestUtility.RegistrationTest@39c0f4a]" name="beforTest" is-config="true" duration-ms="0" started-at="2018-07-17T18:49:29Z" finished-at="2018-07-17T18:49:29Z">
          <reporter-output>
          </reporter-output>
        </test-method> <!-- beforTest -->
        <test-method status="SKIP" signature="verifyRegistrationPageForManadatoryField(java.lang.String, java.lang.String, java.lang.String, java.lang.String, java.lang.String, java.lang.String, java.lang.String, java.lang.String, java.lang.String, java.lang.String)[pri:0, instance:com.DeltaX.TestUtility.RegistrationTest@39c0f4a]" name="verifyRegistrationPageForManadatoryField" duration-ms="0" started-at="2018-07-17T18:49:29Z" data-provider="TestData" finished-at="2018-07-17T18:49:29Z">
          <params>
            <param index="0">
              <value>
                <![CDATA[TC018]]>
              </value>
            </param>
            <param index="1">
              <value>
                <![CDATA[Saurabh]]>
              </value>
            </param>
            <param index="2">
              <value>
                <![CDATA[singhal]]>
              </value>
            </param>
            <param index="3">
              <value>
                <![CDATA[Sales]]>
              </value>
            </param>
            <param index="4">
              <value>
                <![CDATA[saurabhsinghal001]]>
              </value>
            </param>
            <param index="5">
              <value>
                <![CDATA[]]>
              </value>
            </param>
            <param index="6">
              <value>
                <![CDATA[password123]]>
              </value>
            </param>
            <param index="7">
              <value>
                <![CDATA[xyz@gmail.com]]>
              </value>
            </param>
            <param index="8">
              <value>
                <![CDATA[1131313131]]>
              </value>
            </param>
            <param index="9">
              <value>
                <![CDATA[Please enter your Password]]>
              </value>
            </param>
          </params>
          <reporter-output>
          </reporter-output>
        </test-method> <!-- verifyRegistrationPageForManadatoryField -->
        <test-method status="SKIP" signature="afterTest()[pri:0, instance:com.DeltaX.TestUtility.RegistrationTest@39c0f4a]" name="afterTest" is-config="true" duration-ms="0" started-at="2018-07-17T18:49:29Z" finished-at="2018-07-17T18:49:29Z">
          <reporter-output>
          </reporter-output>
        </test-method> <!-- afterTest -->
        <test-method status="SKIP" signature="beforTest()[pri:0, instance:com.DeltaX.TestUtility.RegistrationTest@39c0f4a]" name="beforTest" is-config="true" duration-ms="0" started-at="2018-07-17T18:49:29Z" finished-at="2018-07-17T18:49:29Z">
          <reporter-output>
          </reporter-output>
        </test-method> <!-- beforTest -->
        <test-method status="SKIP" signature="verifyRegistrationPageForManadatoryField(java.lang.String, java.lang.String, java.lang.String, java.lang.String, java.lang.String, java.lang.String, java.lang.String, java.lang.String, java.lang.String, java.lang.String)[pri:0, instance:com.DeltaX.TestUtility.RegistrationTest@39c0f4a]" name="verifyRegistrationPageForManadatoryField" duration-ms="0" started-at="2018-07-17T18:49:29Z" data-provider="TestData" finished-at="2018-07-17T18:49:29Z">
          <params>
            <param index="0">
              <value>
                <![CDATA[TC019]]>
              </value>
            </param>
            <param index="1">
              <value>
                <![CDATA[Saurabh]]>
              </value>
            </param>
            <param index="2">
              <value>
                <![CDATA[singhal]]>
              </value>
            </param>
            <param index="3">
              <value>
                <![CDATA[Sales]]>
              </value>
            </param>
            <param index="4">
              <value>
                <![CDATA[saurabhsinghal002]]>
              </value>
            </param>
            <param index="5">
              <value>
                <![CDATA[passwor]]>
              </value>
            </param>
            <param index="6">
              <value>
                <![CDATA[passwor]]>
              </value>
            </param>
            <param index="7">
              <value>
                <![CDATA[xyz@gmail.com]]>
              </value>
            </param>
            <param index="8">
              <value>
                <![CDATA[1131313131]]>
              </value>
            </param>
            <param index="9">
              <value>
                <![CDATA[This value is not valid]]>
              </value>
            </param>
          </params>
          <reporter-output>
          </reporter-output>
        </test-method> <!-- verifyRegistrationPageForManadatoryField -->
        <test-method status="SKIP" signature="afterTest()[pri:0, instance:com.DeltaX.TestUtility.RegistrationTest@39c0f4a]" name="afterTest" is-config="true" duration-ms="0" started-at="2018-07-17T18:49:29Z" finished-at="2018-07-17T18:49:29Z">
          <reporter-output>
          </reporter-output>
        </test-method> <!-- afterTest -->
        <test-method status="SKIP" signature="beforTest()[pri:0, instance:com.DeltaX.TestUtility.RegistrationTest@39c0f4a]" name="beforTest" is-config="true" duration-ms="0" started-at="2018-07-17T18:49:29Z" finished-at="2018-07-17T18:49:29Z">
          <reporter-output>
          </reporter-output>
        </test-method> <!-- beforTest -->
        <test-method status="SKIP" signature="verifyRegistrationPageForManadatoryField(java.lang.String, java.lang.String, java.lang.String, java.lang.String, java.lang.String, java.lang.String, java.lang.String, java.lang.String, java.lang.String, java.lang.String)[pri:0, instance:com.DeltaX.TestUtility.RegistrationTest@39c0f4a]" name="verifyRegistrationPageForManadatoryField" duration-ms="1" started-at="2018-07-17T18:49:29Z" data-provider="TestData" finished-at="2018-07-17T18:49:29Z">
          <params>
            <param index="0">
              <value>
                <![CDATA[TC020]]>
              </value>
            </param>
            <param index="1">
              <value>
                <![CDATA[Saurabh]]>
              </value>
            </param>
            <param index="2">
              <value>
                <![CDATA[singhal]]>
              </value>
            </param>
            <param index="3">
              <value>
                <![CDATA[Sales]]>
              </value>
            </param>
            <param index="4">
              <value>
                <![CDATA[saurabhsinghal001]]>
              </value>
            </param>
            <param index="5">
              <value>
                <![CDATA[password]]>
              </value>
            </param>
            <param index="6">
              <value>
                <![CDATA[password]]>
              </value>
            </param>
            <param index="7">
              <value>
                <![CDATA[xyz@gmail.com]]>
              </value>
            </param>
            <param index="8">
              <value>
                <![CDATA[1131313131]]>
              </value>
            </param>
            <param index="9">
              <value>
                <![CDATA[http://adjiva.com/qa-test/thanks.html]]>
              </value>
            </param>
          </params>
          <reporter-output>
          </reporter-output>
        </test-method> <!-- verifyRegistrationPageForManadatoryField -->
        <test-method status="SKIP" signature="afterTest()[pri:0, instance:com.DeltaX.TestUtility.RegistrationTest@39c0f4a]" name="afterTest" is-config="true" duration-ms="0" started-at="2018-07-17T18:49:29Z" finished-at="2018-07-17T18:49:29Z">
          <reporter-output>
          </reporter-output>
        </test-method> <!-- afterTest -->
        <test-method status="SKIP" signature="beforTest()[pri:0, instance:com.DeltaX.TestUtility.RegistrationTest@39c0f4a]" name="beforTest" is-config="true" duration-ms="0" started-at="2018-07-17T18:49:29Z" finished-at="2018-07-17T18:49:29Z">
          <reporter-output>
          </reporter-output>
        </test-method> <!-- beforTest -->
        <test-method status="SKIP" signature="verifyRegistrationPageForManadatoryField(java.lang.String, java.lang.String, java.lang.String, java.lang.String, java.lang.String, java.lang.String, java.lang.String, java.lang.String, java.lang.String, java.lang.String)[pri:0, instance:com.DeltaX.TestUtility.RegistrationTest@39c0f4a]" name="verifyRegistrationPageForManadatoryField" duration-ms="1" started-at="2018-07-17T18:49:29Z" data-provider="TestData" finished-at="2018-07-17T18:49:29Z">
          <params>
            <param index="0">
              <value>
                <![CDATA[TC021]]>
              </value>
            </param>
            <param index="1">
              <value>
                <![CDATA[Saurabh]]>
              </value>
            </param>
            <param index="2">
              <value>
                <![CDATA[singhal]]>
              </value>
            </param>
            <param index="3">
              <value>
                <![CDATA[Sales]]>
              </value>
            </param>
            <param index="4">
              <value>
                <![CDATA[saurabhsinghal001]]>
              </value>
            </param>
            <param index="5">
              <value>
                <![CDATA[password123]]>
              </value>
            </param>
            <param index="6">
              <value>
                <![CDATA[password123]]>
              </value>
            </param>
            <param index="7">
              <value>
                <![CDATA[xyz@gmail.com]]>
              </value>
            </param>
            <param index="8">
              <value>
                <![CDATA[1131313131]]>
              </value>
            </param>
            <param index="9">
              <value>
                <![CDATA[http://adjiva.com/qa-test/thanks.html]]>
              </value>
            </param>
          </params>
          <reporter-output>
          </reporter-output>
        </test-method> <!-- verifyRegistrationPageForManadatoryField -->
        <test-method status="SKIP" signature="afterTest()[pri:0, instance:com.DeltaX.TestUtility.RegistrationTest@39c0f4a]" name="afterTest" is-config="true" duration-ms="0" started-at="2018-07-17T18:49:29Z" finished-at="2018-07-17T18:49:29Z">
          <reporter-output>
          </reporter-output>
        </test-method> <!-- afterTest -->
        <test-method status="SKIP" signature="beforTest()[pri:0, instance:com.DeltaX.TestUtility.RegistrationTest@39c0f4a]" name="beforTest" is-config="true" duration-ms="0" started-at="2018-07-17T18:49:29Z" finished-at="2018-07-17T18:49:29Z">
          <reporter-output>
          </reporter-output>
        </test-method> <!-- beforTest -->
        <test-method status="SKIP" signature="verifyRegistrationPageForManadatoryField(java.lang.String, java.lang.String, java.lang.String, java.lang.String, java.lang.String, java.lang.String, java.lang.String, java.lang.String, java.lang.String, java.lang.String)[pri:0, instance:com.DeltaX.TestUtility.RegistrationTest@39c0f4a]" name="verifyRegistrationPageForManadatoryField" duration-ms="2" started-at="2018-07-17T18:49:29Z" data-provider="TestData" finished-at="2018-07-17T18:49:29Z">
          <params>
            <param index="0">
              <value>
                <![CDATA[TC022]]>
              </value>
            </param>
            <param index="1">
              <value>
                <![CDATA[Saurabh]]>
              </value>
            </param>
            <param index="2">
              <value>
                <![CDATA[singhal]]>
              </value>
            </param>
            <param index="3">
              <value>
                <![CDATA[Sales]]>
              </value>
            </param>
            <param index="4">
              <value>
                <![CDATA[saurabhsinghal001]]>
              </value>
            </param>
            <param index="5">
              <value>
                <![CDATA[pas@sword123]]>
              </value>
            </param>
            <param index="6">
              <value>
                <![CDATA[pas@sword123]]>
              </value>
            </param>
            <param index="7">
              <value>
                <![CDATA[xyz@gmail.com]]>
              </value>
            </param>
            <param index="8">
              <value>
                <![CDATA[1131313131]]>
              </value>
            </param>
            <param index="9">
              <value>
                <![CDATA[http://adjiva.com/qa-test/thanks.html]]>
              </value>
            </param>
          </params>
          <reporter-output>
          </reporter-output>
        </test-method> <!-- verifyRegistrationPageForManadatoryField -->
        <test-method status="SKIP" signature="afterTest()[pri:0, instance:com.DeltaX.TestUtility.RegistrationTest@39c0f4a]" name="afterTest" is-config="true" duration-ms="0" started-at="2018-07-17T18:49:29Z" finished-at="2018-07-17T18:49:29Z">
          <reporter-output>
          </reporter-output>
        </test-method> <!-- afterTest -->
        <test-method status="SKIP" signature="beforTest()[pri:0, instance:com.DeltaX.TestUtility.RegistrationTest@39c0f4a]" name="beforTest" is-config="true" duration-ms="0" started-at="2018-07-17T18:49:29Z" finished-at="2018-07-17T18:49:29Z">
          <reporter-output>
          </reporter-output>
        </test-method> <!-- beforTest -->
        <test-method status="SKIP" signature="verifyRegistrationPageForManadatoryField(java.lang.String, java.lang.String, java.lang.String, java.lang.String, java.lang.String, java.lang.String, java.lang.String, java.lang.String, java.lang.String, java.lang.String)[pri:0, instance:com.DeltaX.TestUtility.RegistrationTest@39c0f4a]" name="verifyRegistrationPageForManadatoryField" duration-ms="2" started-at="2018-07-17T18:49:29Z" data-provider="TestData" finished-at="2018-07-17T18:49:29Z">
          <params>
            <param index="0">
              <value>
                <![CDATA[TC023]]>
              </value>
            </param>
            <param index="1">
              <value>
                <![CDATA[Saurabh]]>
              </value>
            </param>
            <param index="2">
              <value>
                <![CDATA[singhal]]>
              </value>
            </param>
            <param index="3">
              <value>
                <![CDATA[Support]]>
              </value>
            </param>
            <param index="4">
              <value>
                <![CDATA[saurabhsinghal001]]>
              </value>
            </param>
            <param index="5">
              <value>
                <![CDATA[password123]]>
              </value>
            </param>
            <param index="6">
              <value>
                <![CDATA[password124]]>
              </value>
            </param>
            <param index="7">
              <value>
                <![CDATA[xyz@gmail.com]]>
              </value>
            </param>
            <param index="8">
              <value>
                <![CDATA[1131313131]]>
              </value>
            </param>
            <param index="9">
              <value>
                <![CDATA[Password Not Matching]]>
              </value>
            </param>
          </params>
          <reporter-output>
          </reporter-output>
        </test-method> <!-- verifyRegistrationPageForManadatoryField -->
        <test-method status="SKIP" signature="afterTest()[pri:0, instance:com.DeltaX.TestUtility.RegistrationTest@39c0f4a]" name="afterTest" is-config="true" duration-ms="0" started-at="2018-07-17T18:49:29Z" finished-at="2018-07-17T18:49:29Z">
          <reporter-output>
          </reporter-output>
        </test-method> <!-- afterTest -->
        <test-method status="SKIP" signature="beforTest()[pri:0, instance:com.DeltaX.TestUtility.RegistrationTest@39c0f4a]" name="beforTest" is-config="true" duration-ms="0" started-at="2018-07-17T18:49:29Z" finished-at="2018-07-17T18:49:29Z">
          <reporter-output>
          </reporter-output>
        </test-method> <!-- beforTest -->
        <test-method status="SKIP" signature="verifyRegistrationPageForManadatoryField(java.lang.String, java.lang.String, java.lang.String, java.lang.String, java.lang.String, java.lang.String, java.lang.String, java.lang.String, java.lang.String, java.lang.String)[pri:0, instance:com.DeltaX.TestUtility.RegistrationTest@39c0f4a]" name="verifyRegistrationPageForManadatoryField" duration-ms="2" started-at="2018-07-17T18:49:29Z" data-provider="TestData" finished-at="2018-07-17T18:49:29Z">
          <params>
            <param index="0">
              <value>
                <![CDATA[TC024]]>
              </value>
            </param>
            <param index="1">
              <value>
                <![CDATA[Saurabh]]>
              </value>
            </param>
            <param index="2">
              <value>
                <![CDATA[singhal]]>
              </value>
            </param>
            <param index="3">
              <value>
                <![CDATA[Sales]]>
              </value>
            </param>
            <param index="4">
              <value>
                <![CDATA[saurabhsinghal001]]>
              </value>
            </param>
            <param index="5">
              <value>
                <![CDATA[password123]]>
              </value>
            </param>
            <param index="6">
              <value>
                <![CDATA[password123]]>
              </value>
            </param>
            <param index="7">
              <value>
                <![CDATA[]]>
              </value>
            </param>
            <param index="8">
              <value>
                <![CDATA[1131313131]]>
              </value>
            </param>
            <param index="9">
              <value>
                <![CDATA[Please enter your Email Address]]>
              </value>
            </param>
          </params>
          <reporter-output>
          </reporter-output>
        </test-method> <!-- verifyRegistrationPageForManadatoryField -->
        <test-method status="SKIP" signature="afterTest()[pri:0, instance:com.DeltaX.TestUtility.RegistrationTest@39c0f4a]" name="afterTest" is-config="true" duration-ms="0" started-at="2018-07-17T18:49:29Z" finished-at="2018-07-17T18:49:29Z">
          <reporter-output>
          </reporter-output>
        </test-method> <!-- afterTest -->
        <test-method status="SKIP" signature="beforTest()[pri:0, instance:com.DeltaX.TestUtility.RegistrationTest@39c0f4a]" name="beforTest" is-config="true" duration-ms="0" started-at="2018-07-17T18:49:29Z" finished-at="2018-07-17T18:49:29Z">
          <reporter-output>
          </reporter-output>
        </test-method> <!-- beforTest -->
        <test-method status="SKIP" signature="verifyRegistrationPageForManadatoryField(java.lang.String, java.lang.String, java.lang.String, java.lang.String, java.lang.String, java.lang.String, java.lang.String, java.lang.String, java.lang.String, java.lang.String)[pri:0, instance:com.DeltaX.TestUtility.RegistrationTest@39c0f4a]" name="verifyRegistrationPageForManadatoryField" duration-ms="1" started-at="2018-07-17T18:49:29Z" data-provider="TestData" finished-at="2018-07-17T18:49:29Z">
          <params>
            <param index="0">
              <value>
                <![CDATA[TC025]]>
              </value>
            </param>
            <param index="1">
              <value>
                <![CDATA[Saurabh]]>
              </value>
            </param>
            <param index="2">
              <value>
                <![CDATA[singhal]]>
              </value>
            </param>
            <param index="3">
              <value>
                <![CDATA[Sales]]>
              </value>
            </param>
            <param index="4">
              <value>
                <![CDATA[saurabhsinghal001]]>
              </value>
            </param>
            <param index="5">
              <value>
                <![CDATA[password123]]>
              </value>
            </param>
            <param index="6">
              <value>
                <![CDATA[password123]]>
              </value>
            </param>
            <param index="7">
              <value>
                <![CDATA[xyzgmail.com]]>
              </value>
            </param>
            <param index="8">
              <value>
                <![CDATA[1131313131]]>
              </value>
            </param>
            <param index="9">
              <value>
                <![CDATA[This value is not valid]]>
              </value>
            </param>
          </params>
          <reporter-output>
          </reporter-output>
        </test-method> <!-- verifyRegistrationPageForManadatoryField -->
        <test-method status="SKIP" signature="afterTest()[pri:0, instance:com.DeltaX.TestUtility.RegistrationTest@39c0f4a]" name="afterTest" is-config="true" duration-ms="0" started-at="2018-07-17T18:49:29Z" finished-at="2018-07-17T18:49:29Z">
          <reporter-output>
          </reporter-output>
        </test-method> <!-- afterTest -->
        <test-method status="SKIP" signature="beforTest()[pri:0, instance:com.DeltaX.TestUtility.RegistrationTest@39c0f4a]" name="beforTest" is-config="true" duration-ms="0" started-at="2018-07-17T18:49:29Z" finished-at="2018-07-17T18:49:29Z">
          <reporter-output>
          </reporter-output>
        </test-method> <!-- beforTest -->
        <test-method status="SKIP" signature="verifyRegistrationPageForManadatoryField(java.lang.String, java.lang.String, java.lang.String, java.lang.String, java.lang.String, java.lang.String, java.lang.String, java.lang.String, java.lang.String, java.lang.String)[pri:0, instance:com.DeltaX.TestUtility.RegistrationTest@39c0f4a]" name="verifyRegistrationPageForManadatoryField" duration-ms="1" started-at="2018-07-17T18:49:29Z" data-provider="TestData" finished-at="2018-07-17T18:49:29Z">
          <params>
            <param index="0">
              <value>
                <![CDATA[TC026]]>
              </value>
            </param>
            <param index="1">
              <value>
                <![CDATA[Saurabh]]>
              </value>
            </param>
            <param index="2">
              <value>
                <![CDATA[singhal]]>
              </value>
            </param>
            <param index="3">
              <value>
                <![CDATA[Marketing]]>
              </value>
            </param>
            <param index="4">
              <value>
                <![CDATA[saurabhsinghal001]]>
              </value>
            </param>
            <param index="5">
              <value>
                <![CDATA[password123]]>
              </value>
            </param>
            <param index="6">
              <value>
                <![CDATA[password123]]>
              </value>
            </param>
            <param index="7">
              <value>
                <![CDATA[saurabhsinghal@gmail]]>
              </value>
            </param>
            <param index="8">
              <value>
                <![CDATA[1131313131]]>
              </value>
            </param>
            <param index="9">
              <value>
                <![CDATA[This value is not valid]]>
              </value>
            </param>
          </params>
          <reporter-output>
          </reporter-output>
        </test-method> <!-- verifyRegistrationPageForManadatoryField -->
        <test-method status="SKIP" signature="afterTest()[pri:0, instance:com.DeltaX.TestUtility.RegistrationTest@39c0f4a]" name="afterTest" is-config="true" duration-ms="0" started-at="2018-07-17T18:49:29Z" finished-at="2018-07-17T18:49:29Z">
          <reporter-output>
          </reporter-output>
        </test-method> <!-- afterTest -->
        <test-method status="SKIP" signature="beforTest()[pri:0, instance:com.DeltaX.TestUtility.RegistrationTest@39c0f4a]" name="beforTest" is-config="true" duration-ms="0" started-at="2018-07-17T18:49:29Z" finished-at="2018-07-17T18:49:29Z">
          <reporter-output>
          </reporter-output>
        </test-method> <!-- beforTest -->
        <test-method status="SKIP" signature="verifyRegistrationPageForManadatoryField(java.lang.String, java.lang.String, java.lang.String, java.lang.String, java.lang.String, java.lang.String, java.lang.String, java.lang.String, java.lang.String, java.lang.String)[pri:0, instance:com.DeltaX.TestUtility.RegistrationTest@39c0f4a]" name="verifyRegistrationPageForManadatoryField" duration-ms="4" started-at="2018-07-17T18:49:29Z" data-provider="TestData" finished-at="2018-07-17T18:49:29Z">
          <params>
            <param index="0">
              <value>
                <![CDATA[TC027]]>
              </value>
            </param>
            <param index="1">
              <value>
                <![CDATA[Saurabh]]>
              </value>
            </param>
            <param index="2">
              <value>
                <![CDATA[singhal]]>
              </value>
            </param>
            <param index="3">
              <value>
                <![CDATA[Marketing]]>
              </value>
            </param>
            <param index="4">
              <value>
                <![CDATA[saurabhsinghal001]]>
              </value>
            </param>
            <param index="5">
              <value>
                <![CDATA[password123]]>
              </value>
            </param>
            <param index="6">
              <value>
                <![CDATA[password123]]>
              </value>
            </param>
            <param index="7">
              <value>
                <![CDATA[#@%^%#$@#$@#.com]]>
              </value>
            </param>
            <param index="8">
              <value>
                <![CDATA[1131313131]]>
              </value>
            </param>
            <param index="9">
              <value>
                <![CDATA[This value is not valid]]>
              </value>
            </param>
          </params>
          <reporter-output>
          </reporter-output>
        </test-method> <!-- verifyRegistrationPageForManadatoryField -->
        <test-method status="SKIP" signature="afterTest()[pri:0, instance:com.DeltaX.TestUtility.RegistrationTest@39c0f4a]" name="afterTest" is-config="true" duration-ms="0" started-at="2018-07-17T18:49:29Z" finished-at="2018-07-17T18:49:29Z">
          <reporter-output>
          </reporter-output>
        </test-method> <!-- afterTest -->
        <test-method status="SKIP" signature="beforTest()[pri:0, instance:com.DeltaX.TestUtility.RegistrationTest@39c0f4a]" name="beforTest" is-config="true" duration-ms="0" started-at="2018-07-17T18:49:29Z" finished-at="2018-07-17T18:49:29Z">
          <reporter-output>
          </reporter-output>
        </test-method> <!-- beforTest -->
        <test-method status="SKIP" signature="verifyRegistrationPageForManadatoryField(java.lang.String, java.lang.String, java.lang.String, java.lang.String, java.lang.String, java.lang.String, java.lang.String, java.lang.String, java.lang.String, java.lang.String)[pri:0, instance:com.DeltaX.TestUtility.RegistrationTest@39c0f4a]" name="verifyRegistrationPageForManadatoryField" duration-ms="1" started-at="2018-07-17T18:49:29Z" data-provider="TestData" finished-at="2018-07-17T18:49:29Z">
          <params>
            <param index="0">
              <value>
                <![CDATA[TC028]]>
              </value>
            </param>
            <param index="1">
              <value>
                <![CDATA[Saurabh]]>
              </value>
            </param>
            <param index="2">
              <value>
                <![CDATA[singhal]]>
              </value>
            </param>
            <param index="3">
              <value>
                <![CDATA[Sales]]>
              </value>
            </param>
            <param index="4">
              <value>
                <![CDATA[saurabhsinghal001]]>
              </value>
            </param>
            <param index="5">
              <value>
                <![CDATA[password123]]>
              </value>
            </param>
            <param index="6">
              <value>
                <![CDATA[password123]]>
              </value>
            </param>
            <param index="7">
              <value>
                <![CDATA[saurabh@singhal@gmail.com]]>
              </value>
            </param>
            <param index="8">
              <value>
                <![CDATA[1131313131]]>
              </value>
            </param>
            <param index="9">
              <value>
                <![CDATA[This value is not valid]]>
              </value>
            </param>
          </params>
          <reporter-output>
          </reporter-output>
        </test-method> <!-- verifyRegistrationPageForManadatoryField -->
        <test-method status="SKIP" signature="afterTest()[pri:0, instance:com.DeltaX.TestUtility.RegistrationTest@39c0f4a]" name="afterTest" is-config="true" duration-ms="0" started-at="2018-07-17T18:49:29Z" finished-at="2018-07-17T18:49:29Z">
          <reporter-output>
          </reporter-output>
        </test-method> <!-- afterTest -->
        <test-method status="SKIP" signature="verifyRegistrationPageForManadatoryField(java.lang.String, java.lang.String, java.lang.String, java.lang.String, java.lang.String, java.lang.String, java.lang.String, java.lang.String, java.lang.String, java.lang.String)[pri:0, instance:com.DeltaX.TestUtility.RegistrationTest@39c0f4a]" name="verifyRegistrationPageForManadatoryField" duration-ms="1" started-at="2018-07-17T18:49:29Z" data-provider="TestData" finished-at="2018-07-17T18:49:29Z">
          <params>
            <param index="0">
              <value>
                <![CDATA[TC029]]>
              </value>
            </param>
            <param index="1">
              <value>
                <![CDATA[Saurabh]]>
              </value>
            </param>
            <param index="2">
              <value>
                <![CDATA[singhal]]>
              </value>
            </param>
            <param index="3">
              <value>
                <![CDATA[Sales]]>
              </value>
            </param>
            <param index="4">
              <value>
                <![CDATA[saurabhsinghal001]]>
              </value>
            </param>
            <param index="5">
              <value>
                <![CDATA[password123]]>
              </value>
            </param>
            <param index="6">
              <value>
                <![CDATA[password123]]>
              </value>
            </param>
            <param index="7">
              <value>
                <![CDATA[saurabh@singhal@gm.ail.com]]>
              </value>
            </param>
            <param index="8">
              <value>
                <![CDATA[1131313131]]>
              </value>
            </param>
            <param index="9">
              <value>
                <![CDATA[This value is not valid]]>
              </value>
            </param>
          </params>
          <reporter-output>
          </reporter-output>
        </test-method> <!-- verifyRegistrationPageForManadatoryField -->
        <test-method status="SKIP" signature="beforTest()[pri:0, instance:com.DeltaX.TestUtility.RegistrationTest@39c0f4a]" name="beforTest" is-config="true" duration-ms="0" started-at="2018-07-17T18:49:29Z" finished-at="2018-07-17T18:49:29Z">
          <reporter-output>
          </reporter-output>
        </test-method> <!-- beforTest -->
        <test-method status="SKIP" signature="afterTest()[pri:0, instance:com.DeltaX.TestUtility.RegistrationTest@39c0f4a]" name="afterTest" is-config="true" duration-ms="0" started-at="2018-07-17T18:49:29Z" finished-at="2018-07-17T18:49:29Z">
          <reporter-output>
          </reporter-output>
        </test-method> <!-- afterTest -->
        <test-method status="SKIP" signature="beforTest()[pri:0, instance:com.DeltaX.TestUtility.RegistrationTest@39c0f4a]" name="beforTest" is-config="true" duration-ms="0" started-at="2018-07-17T18:49:29Z" finished-at="2018-07-17T18:49:29Z">
          <reporter-output>
          </reporter-output>
        </test-method> <!-- beforTest -->
        <test-method status="SKIP" signature="verifyRegistrationPageForManadatoryField(java.lang.String, java.lang.String, java.lang.String, java.lang.String, java.lang.String, java.lang.String, java.lang.String, java.lang.String, java.lang.String, java.lang.String)[pri:0, instance:com.DeltaX.TestUtility.RegistrationTest@39c0f4a]" name="verifyRegistrationPageForManadatoryField" duration-ms="0" started-at="2018-07-17T18:49:29Z" data-provider="TestData" finished-at="2018-07-17T18:49:29Z">
          <params>
            <param index="0">
              <value>
                <![CDATA[TC030]]>
              </value>
            </param>
            <param index="1">
              <value>
                <![CDATA[Saurabh]]>
              </value>
            </param>
            <param index="2">
              <value>
                <![CDATA[singhal]]>
              </value>
            </param>
            <param index="3">
              <value>
                <![CDATA[Sales]]>
              </value>
            </param>
            <param index="4">
              <value>
                <![CDATA[saurabhsinghal001]]>
              </value>
            </param>
            <param index="5">
              <value>
                <![CDATA[password123]]>
              </value>
            </param>
            <param index="6">
              <value>
                <![CDATA[password123]]>
              </value>
            </param>
            <param index="7">
              <value>
                <![CDATA[saurabhsinghal001@gmail.com]]>
              </value>
            </param>
            <param index="8">
              <value>
                <![CDATA[1131313131]]>
              </value>
            </param>
            <param index="9">
              <value>
                <![CDATA[http://adjiva.com/qa-test/thanks.html]]>
              </value>
            </param>
          </params>
          <reporter-output>
          </reporter-output>
        </test-method> <!-- verifyRegistrationPageForManadatoryField -->
        <test-method status="SKIP" signature="afterTest()[pri:0, instance:com.DeltaX.TestUtility.RegistrationTest@39c0f4a]" name="afterTest" is-config="true" duration-ms="0" started-at="2018-07-17T18:49:29Z" finished-at="2018-07-17T18:49:29Z">
          <reporter-output>
          </reporter-output>
        </test-method> <!-- afterTest -->
        <test-method status="SKIP" signature="beforTest()[pri:0, instance:com.DeltaX.TestUtility.RegistrationTest@39c0f4a]" name="beforTest" is-config="true" duration-ms="0" started-at="2018-07-17T18:49:29Z" finished-at="2018-07-17T18:49:29Z">
          <reporter-output>
          </reporter-output>
        </test-method> <!-- beforTest -->
        <test-method status="SKIP" signature="verifyRegistrationPageForManadatoryField(java.lang.String, java.lang.String, java.lang.String, java.lang.String, java.lang.String, java.lang.String, java.lang.String, java.lang.String, java.lang.String, java.lang.String)[pri:0, instance:com.DeltaX.TestUtility.RegistrationTest@39c0f4a]" name="verifyRegistrationPageForManadatoryField" duration-ms="0" started-at="2018-07-17T18:49:29Z" data-provider="TestData" finished-at="2018-07-17T18:49:29Z">
          <params>
            <param index="0">
              <value>
                <![CDATA[TC031]]>
              </value>
            </param>
            <param index="1">
              <value>
                <![CDATA[Saurabh]]>
              </value>
            </param>
            <param index="2">
              <value>
                <![CDATA[singhal]]>
              </value>
            </param>
            <param index="3">
              <value>
                <![CDATA[Sales]]>
              </value>
            </param>
            <param index="4">
              <value>
                <![CDATA[saurabhsinghal001]]>
              </value>
            </param>
            <param index="5">
              <value>
                <![CDATA[password123]]>
              </value>
            </param>
            <param index="6">
              <value>
                <![CDATA[password123]]>
              </value>
            </param>
            <param index="7">
              <value>
                <![CDATA[saurabh120@gmail.com]]>
              </value>
            </param>
            <param index="8">
              <value>
                <![CDATA[1131313131]]>
              </value>
            </param>
            <param index="9">
              <value>
                <![CDATA[http://adjiva.com/qa-test/thanks.html]]>
              </value>
            </param>
          </params>
          <reporter-output>
          </reporter-output>
        </test-method> <!-- verifyRegistrationPageForManadatoryField -->
        <test-method status="SKIP" signature="beforTest()[pri:0, instance:com.DeltaX.TestUtility.RegistrationTest@39c0f4a]" name="beforTest" is-config="true" duration-ms="0" started-at="2018-07-17T18:49:29Z" finished-at="2018-07-17T18:49:29Z">
          <reporter-output>
          </reporter-output>
        </test-method> <!-- beforTest -->
        <test-method status="SKIP" signature="afterTest()[pri:0, instance:com.DeltaX.TestUtility.RegistrationTest@39c0f4a]" name="afterTest" is-config="true" duration-ms="0" started-at="2018-07-17T18:49:29Z" finished-at="2018-07-17T18:49:29Z">
          <reporter-output>
          </reporter-output>
        </test-method> <!-- afterTest -->
        <test-method status="SKIP" signature="verifyRegistrationPageForManadatoryField(java.lang.String, java.lang.String, java.lang.String, java.lang.String, java.lang.String, java.lang.String, java.lang.String, java.lang.String, java.lang.String, java.lang.String)[pri:0, instance:com.DeltaX.TestUtility.RegistrationTest@39c0f4a]" name="verifyRegistrationPageForManadatoryField" duration-ms="6" started-at="2018-07-17T18:49:29Z" data-provider="TestData" finished-at="2018-07-17T18:49:29Z">
          <params>
            <param index="0">
              <value>
                <![CDATA[TC032]]>
              </value>
            </param>
            <param index="1">
              <value>
                <![CDATA[Saurabh]]>
              </value>
            </param>
            <param index="2">
              <value>
                <![CDATA[singhal]]>
              </value>
            </param>
            <param index="3">
              <value>
                <![CDATA[Sales]]>
              </value>
            </param>
            <param index="4">
              <value>
                <![CDATA[saurabhsinghal002]]>
              </value>
            </param>
            <param index="5">
              <value>
                <![CDATA[password123]]>
              </value>
            </param>
            <param index="6">
              <value>
                <![CDATA[password123]]>
              </value>
            </param>
            <param index="7">
              <value>
                <![CDATA[saurabh120@gmail.com]]>
              </value>
            </param>
            <param index="8">
              <value>
                <![CDATA[113131313]]>
              </value>
            </param>
            <param index="9">
              <value>
                <![CDATA[This value is not valid]]>
              </value>
            </param>
          </params>
          <reporter-output>
          </reporter-output>
        </test-method> <!-- verifyRegistrationPageForManadatoryField -->
        <test-method status="SKIP" signature="afterTest()[pri:0, instance:com.DeltaX.TestUtility.RegistrationTest@39c0f4a]" name="afterTest" is-config="true" duration-ms="0" started-at="2018-07-17T18:49:29Z" finished-at="2018-07-17T18:49:29Z">
          <reporter-output>
          </reporter-output>
        </test-method> <!-- afterTest -->
        <test-method status="SKIP" signature="beforTest()[pri:0, instance:com.DeltaX.TestUtility.RegistrationTest@39c0f4a]" name="beforTest" is-config="true" duration-ms="0" started-at="2018-07-17T18:49:29Z" finished-at="2018-07-17T18:49:29Z">
          <reporter-output>
          </reporter-output>
        </test-method> <!-- beforTest -->
        <test-method status="SKIP" signature="verifyRegistrationPageForManadatoryField(java.lang.String, java.lang.String, java.lang.String, java.lang.String, java.lang.String, java.lang.String, java.lang.String, java.lang.String, java.lang.String, java.lang.String)[pri:0, instance:com.DeltaX.TestUtility.RegistrationTest@39c0f4a]" name="verifyRegistrationPageForManadatoryField" duration-ms="2" started-at="2018-07-17T18:49:29Z" data-provider="TestData" finished-at="2018-07-17T18:49:29Z">
          <params>
            <param index="0">
              <value>
                <![CDATA[TC033]]>
              </value>
            </param>
            <param index="1">
              <value>
                <![CDATA[Saurabh]]>
              </value>
            </param>
            <param index="2">
              <value>
                <![CDATA[singhal]]>
              </value>
            </param>
            <param index="3">
              <value>
                <![CDATA[Sales]]>
              </value>
            </param>
            <param index="4">
              <value>
                <![CDATA[saurabhsinghal001]]>
              </value>
            </param>
            <param index="5">
              <value>
                <![CDATA[password123]]>
              </value>
            </param>
            <param index="6">
              <value>
                <![CDATA[password123]]>
              </value>
            </param>
            <param index="7">
              <value>
                <![CDATA[saurabh120@gmail.com]]>
              </value>
            </param>
            <param index="8">
              <value>
                <![CDATA[]]>
              </value>
            </param>
            <param index="9">
              <value>
                <![CDATA[http://adjiva.com/qa-test/thanks.html]]>
              </value>
            </param>
          </params>
          <reporter-output>
          </reporter-output>
        </test-method> <!-- verifyRegistrationPageForManadatoryField -->
        <test-method status="SKIP" signature="afterTest()[pri:0, instance:com.DeltaX.TestUtility.RegistrationTest@39c0f4a]" name="afterTest" is-config="true" duration-ms="0" started-at="2018-07-17T18:49:29Z" finished-at="2018-07-17T18:49:29Z">
          <reporter-output>
          </reporter-output>
        </test-method> <!-- afterTest -->
        <test-method status="SKIP" signature="beforTest()[pri:0, instance:com.DeltaX.TestUtility.RegistrationTest@39c0f4a]" name="beforTest" is-config="true" duration-ms="0" started-at="2018-07-17T18:49:29Z" finished-at="2018-07-17T18:49:29Z">
          <reporter-output>
          </reporter-output>
        </test-method> <!-- beforTest -->
        <test-method status="SKIP" signature="verifyRegistrationPageForManadatoryField(java.lang.String, java.lang.String, java.lang.String, java.lang.String, java.lang.String, java.lang.String, java.lang.String, java.lang.String, java.lang.String, java.lang.String)[pri:0, instance:com.DeltaX.TestUtility.RegistrationTest@39c0f4a]" name="verifyRegistrationPageForManadatoryField" duration-ms="1" started-at="2018-07-17T18:49:29Z" data-provider="TestData" finished-at="2018-07-17T18:49:29Z">
          <params>
            <param index="0">
              <value>
                <![CDATA[TC034]]>
              </value>
            </param>
            <param index="1">
              <value>
                <![CDATA[Saurabh]]>
              </value>
            </param>
            <param index="2">
              <value>
                <![CDATA[singhal]]>
              </value>
            </param>
            <param index="3">
              <value>
                <![CDATA[Sales]]>
              </value>
            </param>
            <param index="4">
              <value>
                <![CDATA[saurabhsinghal001]]>
              </value>
            </param>
            <param index="5">
              <value>
                <![CDATA[password123]]>
              </value>
            </param>
            <param index="6">
              <value>
                <![CDATA[password123]]>
              </value>
            </param>
            <param index="7">
              <value>
                <![CDATA[saurabh120@gmail.com]]>
              </value>
            </param>
            <param index="8">
              <value>
                <![CDATA[dad1234445]]>
              </value>
            </param>
            <param index="9">
              <value>
                <![CDATA[This value is not valid]]>
              </value>
            </param>
          </params>
          <reporter-output>
          </reporter-output>
        </test-method> <!-- verifyRegistrationPageForManadatoryField -->
        <test-method status="SKIP" signature="afterTest()[pri:0, instance:com.DeltaX.TestUtility.RegistrationTest@39c0f4a]" name="afterTest" is-config="true" duration-ms="0" started-at="2018-07-17T18:49:29Z" finished-at="2018-07-17T18:49:29Z">
          <reporter-output>
          </reporter-output>
        </test-method> <!-- afterTest -->
        <test-method status="SKIP" signature="beforTest()[pri:0, instance:com.DeltaX.TestUtility.RegistrationTest@39c0f4a]" name="beforTest" is-config="true" duration-ms="0" started-at="2018-07-17T18:49:29Z" finished-at="2018-07-17T18:49:29Z">
          <reporter-output>
          </reporter-output>
        </test-method> <!-- beforTest -->
        <test-method status="SKIP" signature="verifyTitlePage()[pri:0, instance:com.DeltaX.TestUtility.RegistrationTest@39c0f4a]" name="verifyTitlePage" duration-ms="1" started-at="2018-07-17T18:49:29Z" finished-at="2018-07-17T18:49:29Z">
          <reporter-output>
          </reporter-output>
        </test-method> <!-- verifyTitlePage -->
        <test-method status="SKIP" signature="afterTest()[pri:0, instance:com.DeltaX.TestUtility.RegistrationTest@39c0f4a]" name="afterTest" is-config="true" duration-ms="0" started-at="2018-07-17T18:49:29Z" finished-at="2018-07-17T18:49:29Z">
          <reporter-output>
          </reporter-output>
        </test-method> <!-- afterTest -->
      </class> <!-- com.DeltaX.TestUtility.RegistrationTest -->
    </test> <!-- Registration Page -->
  </suite> <!-- Suite1 -->
</testng-results>
