<?xml version="1.0" encoding="UTF-8"?>
<!-- Generated by org.testng.reporters.JUnitXMLReporter -->
<testsuite hostname="A2ML26251" name="Registration Page" tests="34" failures="0" timestamp="17 Jul 2018 13:19:29 GMT" time="2.982" errors="0">
  <testcase name="@BeforeMethod beforTest" time="0.0" classname="com.DeltaX.TestUtility.RegistrationTest">
    <failure type="org.openqa.selenium.remote.SessionNotFoundException" message="session null does not exist (WARNING: The server did not provide any stacktrace information)
Command duration or timeout: 4 milliseconds
Build info: version: &amp;apos;2.53.1&amp;apos;, revision: &amp;apos;a36b8b1cd5757287168e54b817830adce9b0158d&amp;apos;, time: &amp;apos;2016-06-30 19:26:09&amp;apos;
System info: host: &amp;apos;A2ML26251&amp;apos;, ip: &amp;apos;192.168.43.25&amp;apos;, os.name: &amp;apos;Windows 10&amp;apos;, os.arch: &amp;apos;amd64&amp;apos;, os.version: &amp;apos;10.0&amp;apos;, java.version: &amp;apos;1.8.0_72&amp;apos;
Driver info: org.openqa.selenium.ie.InternetExplorerDriver
Capabilities [{data=null, stacktrace=, error=session not created, message=Unexpected error launching Internet Explorer. Browser zoom level was set to 150%. It should be set to 100%, platform=ANY}]
Session ID: null">
      <![CDATA[org.openqa.selenium.remote.SessionNotFoundException: session null does not exist (WARNING: The server did not provide any stacktrace information)
Command duration or timeout: 4 milliseconds
Build info: version: '2.53.1', revision: 'a36b8b1cd5757287168e54b817830adce9b0158d', time: '2016-06-30 19:26:09'
System info: host: 'A2ML26251', ip: '192.168.43.25', os.name: 'Windows 10', os.arch: 'amd64', os.version: '10.0', java.version: '1.8.0_72'
Driver info: org.openqa.selenium.ie.InternetExplorerDriver
Capabilities [{data=null, stacktrace=, error=session not created, message=Unexpected error launching Internet Explorer. Browser zoom level was set to 150%. It should be set to 100%, platform=ANY}]
Session ID: null
	at org.openqa.selenium.remote.ErrorHandler.createThrowable(ErrorHandler.java:206)
	at org.openqa.selenium.remote.ErrorHandler.throwIfResponseFailed(ErrorHandler.java:158)
	at org.openqa.selenium.remote.RemoteWebDriver.execute(RemoteWebDriver.java:678)
	at org.openqa.selenium.remote.RemoteWebDriver$RemoteWebDriverOptions$RemoteTimeouts.implicitlyWait(RemoteWebDriver.java:865)
	at com.DeltaX.controller.CommonUtility.CommonUtility(CommonUtility.java:46)
	at com.DeltaX.TestUtility.RegistrationTest.beforTest(RegistrationTest.java:22)
... Removed 30 stack frames]]>
    </failure>
  </testcase> <!-- @BeforeMethod beforTest -->
  <testcase name="@AfterMethod afterTest" time="0.0" classname="com.DeltaX.TestUtility.RegistrationTest">
    <skipped/>
  </testcase> <!-- @AfterMethod afterTest -->
  <testcase name="@BeforeMethod beforTest" time="0.0" classname="com.DeltaX.TestUtility.RegistrationTest">
    <skipped/>
  </testcase> <!-- @BeforeMethod beforTest -->
  <testcase name="@AfterMethod afterTest" time="0.0" classname="com.DeltaX.TestUtility.RegistrationTest">
    <skipped/>
  </testcase> <!-- @AfterMethod afterTest -->
  <testcase name="@BeforeMethod beforTest" time="0.0" classname="com.DeltaX.TestUtility.RegistrationTest">
    <skipped/>
  </testcase> <!-- @BeforeMethod beforTest -->
  <testcase name="@AfterMethod afterTest" time="0.0" classname="com.DeltaX.TestUtility.RegistrationTest">
    <skipped/>
  </testcase> <!-- @AfterMethod afterTest -->
  <testcase name="@BeforeMethod beforTest" time="0.0" classname="com.DeltaX.TestUtility.RegistrationTest">
    <skipped/>
  </testcase> <!-- @BeforeMethod beforTest -->
  <testcase name="@AfterMethod afterTest" time="0.0" classname="com.DeltaX.TestUtility.RegistrationTest">
    <skipped/>
  </testcase> <!-- @AfterMethod afterTest -->
  <testcase name="@BeforeMethod beforTest" time="0.0" classname="com.DeltaX.TestUtility.RegistrationTest">
    <skipped/>
  </testcase> <!-- @BeforeMethod beforTest -->
  <testcase name="@AfterMethod afterTest" time="0.0" classname="com.DeltaX.TestUtility.RegistrationTest">
    <skipped/>
  </testcase> <!-- @AfterMethod afterTest -->
  <testcase name="@BeforeMethod beforTest" time="0.0" classname="com.DeltaX.TestUtility.RegistrationTest">
    <skipped/>
  </testcase> <!-- @BeforeMethod beforTest -->
  <testcase name="@AfterMethod afterTest" time="0.0" classname="com.DeltaX.TestUtility.RegistrationTest">
    <skipped/>
  </testcase> <!-- @AfterMethod afterTest -->
  <testcase name="@BeforeMethod beforTest" time="0.0" classname="com.DeltaX.TestUtility.RegistrationTest">
    <skipped/>
  </testcase> <!-- @BeforeMethod beforTest -->
  <testcase name="@AfterMethod afterTest" time="0.0" classname="com.DeltaX.TestUtility.RegistrationTest">
    <skipped/>
  </testcase> <!-- @AfterMethod afterTest -->
  <testcase name="@BeforeMethod beforTest" time="0.0" classname="com.DeltaX.TestUtility.RegistrationTest">
    <skipped/>
  </testcase> <!-- @BeforeMethod beforTest -->
  <testcase name="@AfterMethod afterTest" time="0.0" classname="com.DeltaX.TestUtility.RegistrationTest">
    <skipped/>
  </testcase> <!-- @AfterMethod afterTest -->
  <testcase name="@BeforeMethod beforTest" time="0.0" classname="com.DeltaX.TestUtility.RegistrationTest">
    <skipped/>
  </testcase> <!-- @BeforeMethod beforTest -->
  <testcase name="@AfterMethod afterTest" time="0.0" classname="com.DeltaX.TestUtility.RegistrationTest">
    <skipped/>
  </testcase> <!-- @AfterMethod afterTest -->
  <testcase name="@BeforeMethod beforTest" time="0.0" classname="com.DeltaX.TestUtility.RegistrationTest">
    <skipped/>
  </testcase> <!-- @BeforeMethod beforTest -->
  <testcase name="@AfterMethod afterTest" time="0.0" classname="com.DeltaX.TestUtility.RegistrationTest">
    <skipped/>
  </testcase> <!-- @AfterMethod afterTest -->
  <testcase name="@BeforeMethod beforTest" time="0.0" classname="com.DeltaX.TestUtility.RegistrationTest">
    <skipped/>
  </testcase> <!-- @BeforeMethod beforTest -->
  <testcase name="@AfterMethod afterTest" time="0.0" classname="com.DeltaX.TestUtility.RegistrationTest">
    <skipped/>
  </testcase> <!-- @AfterMethod afterTest -->
  <testcase name="@BeforeMethod beforTest" time="0.0" classname="com.DeltaX.TestUtility.RegistrationTest">
    <skipped/>
  </testcase> <!-- @BeforeMethod beforTest -->
  <testcase name="@AfterMethod afterTest" time="0.0" classname="com.DeltaX.TestUtility.RegistrationTest">
    <skipped/>
  </testcase> <!-- @AfterMethod afterTest -->
  <testcase name="@BeforeMethod beforTest" time="0.0" classname="com.DeltaX.TestUtility.RegistrationTest">
    <skipped/>
  </testcase> <!-- @BeforeMethod beforTest -->
  <testcase name="@AfterMethod afterTest" time="0.0" classname="com.DeltaX.TestUtility.RegistrationTest">
    <skipped/>
  </testcase> <!-- @AfterMethod afterTest -->
  <testcase name="@BeforeMethod beforTest" time="0.0" classname="com.DeltaX.TestUtility.RegistrationTest">
    <skipped/>
  </testcase> <!-- @BeforeMethod beforTest -->
  <testcase name="@AfterMethod afterTest" time="0.0" classname="com.DeltaX.TestUtility.RegistrationTest">
    <skipped/>
  </testcase> <!-- @AfterMethod afterTest -->
  <testcase name="@BeforeMethod beforTest" time="0.0" classname="com.DeltaX.TestUtility.RegistrationTest">
    <skipped/>
  </testcase> <!-- @BeforeMethod beforTest -->
  <testcase name="@AfterMethod afterTest" time="0.0" classname="com.DeltaX.TestUtility.RegistrationTest">
    <skipped/>
  </testcase> <!-- @AfterMethod afterTest -->
  <testcase name="@BeforeMethod beforTest" time="0.0" classname="com.DeltaX.TestUtility.RegistrationTest">
    <skipped/>
  </testcase> <!-- @BeforeMethod beforTest -->
  <testcase name="@AfterMethod afterTest" time="0.0" classname="com.DeltaX.TestUtility.RegistrationTest">
    <skipped/>
  </testcase> <!-- @AfterMethod afterTest -->
  <testcase name="@BeforeMethod beforTest" time="0.0" classname="com.DeltaX.TestUtility.RegistrationTest">
    <skipped/>
  </testcase> <!-- @BeforeMethod beforTest -->
  <testcase name="@AfterMethod afterTest" time="0.0" classname="com.DeltaX.TestUtility.RegistrationTest">
    <skipped/>
  </testcase> <!-- @AfterMethod afterTest -->
  <testcase name="@BeforeMethod beforTest" time="0.0" classname="com.DeltaX.TestUtility.RegistrationTest">
    <skipped/>
  </testcase> <!-- @BeforeMethod beforTest -->
  <testcase name="@AfterMethod afterTest" time="0.0" classname="com.DeltaX.TestUtility.RegistrationTest">
    <skipped/>
  </testcase> <!-- @AfterMethod afterTest -->
  <testcase name="@BeforeMethod beforTest" time="0.0" classname="com.DeltaX.TestUtility.RegistrationTest">
    <skipped/>
  </testcase> <!-- @BeforeMethod beforTest -->
  <testcase name="@AfterMethod afterTest" time="0.0" classname="com.DeltaX.TestUtility.RegistrationTest">
    <skipped/>
  </testcase> <!-- @AfterMethod afterTest -->
  <testcase name="@BeforeMethod beforTest" time="0.0" classname="com.DeltaX.TestUtility.RegistrationTest">
    <skipped/>
  </testcase> <!-- @BeforeMethod beforTest -->
  <testcase name="@AfterMethod afterTest" time="0.0" classname="com.DeltaX.TestUtility.RegistrationTest">
    <skipped/>
  </testcase> <!-- @AfterMethod afterTest -->
  <testcase name="@BeforeMethod beforTest" time="0.0" classname="com.DeltaX.TestUtility.RegistrationTest">
    <skipped/>
  </testcase> <!-- @BeforeMethod beforTest -->
  <testcase name="@AfterMethod afterTest" time="0.0" classname="com.DeltaX.TestUtility.RegistrationTest">
    <skipped/>
  </testcase> <!-- @AfterMethod afterTest -->
  <testcase name="@BeforeMethod beforTest" time="0.0" classname="com.DeltaX.TestUtility.RegistrationTest">
    <skipped/>
  </testcase> <!-- @BeforeMethod beforTest -->
  <testcase name="@AfterMethod afterTest" time="0.0" classname="com.DeltaX.TestUtility.RegistrationTest">
    <skipped/>
  </testcase> <!-- @AfterMethod afterTest -->
  <testcase name="@BeforeMethod beforTest" time="0.0" classname="com.DeltaX.TestUtility.RegistrationTest">
    <skipped/>
  </testcase> <!-- @BeforeMethod beforTest -->
  <testcase name="@AfterMethod afterTest" time="0.0" classname="com.DeltaX.TestUtility.RegistrationTest">
    <skipped/>
  </testcase> <!-- @AfterMethod afterTest -->
  <testcase name="@BeforeMethod beforTest" time="0.0" classname="com.DeltaX.TestUtility.RegistrationTest">
    <skipped/>
  </testcase> <!-- @BeforeMethod beforTest -->
  <testcase name="@AfterMethod afterTest" time="0.0" classname="com.DeltaX.TestUtility.RegistrationTest">
    <skipped/>
  </testcase> <!-- @AfterMethod afterTest -->
  <testcase name="@BeforeMethod beforTest" time="0.0" classname="com.DeltaX.TestUtility.RegistrationTest">
    <skipped/>
  </testcase> <!-- @BeforeMethod beforTest -->
  <testcase name="@AfterMethod afterTest" time="0.0" classname="com.DeltaX.TestUtility.RegistrationTest">
    <skipped/>
  </testcase> <!-- @AfterMethod afterTest -->
  <testcase name="@BeforeMethod beforTest" time="0.0" classname="com.DeltaX.TestUtility.RegistrationTest">
    <skipped/>
  </testcase> <!-- @BeforeMethod beforTest -->
  <testcase name="@AfterMethod afterTest" time="0.0" classname="com.DeltaX.TestUtility.RegistrationTest">
    <skipped/>
  </testcase> <!-- @AfterMethod afterTest -->
  <testcase name="@BeforeMethod beforTest" time="0.0" classname="com.DeltaX.TestUtility.RegistrationTest">
    <skipped/>
  </testcase> <!-- @BeforeMethod beforTest -->
  <testcase name="@AfterMethod afterTest" time="0.0" classname="com.DeltaX.TestUtility.RegistrationTest">
    <skipped/>
  </testcase> <!-- @AfterMethod afterTest -->
  <testcase name="@BeforeMethod beforTest" time="0.0" classname="com.DeltaX.TestUtility.RegistrationTest">
    <skipped/>
  </testcase> <!-- @BeforeMethod beforTest -->
  <testcase name="@AfterMethod afterTest" time="0.0" classname="com.DeltaX.TestUtility.RegistrationTest">
    <skipped/>
  </testcase> <!-- @AfterMethod afterTest -->
  <testcase name="@BeforeMethod beforTest" time="0.0" classname="com.DeltaX.TestUtility.RegistrationTest">
    <skipped/>
  </testcase> <!-- @BeforeMethod beforTest -->
  <testcase name="@AfterMethod afterTest" time="0.0" classname="com.DeltaX.TestUtility.RegistrationTest">
    <skipped/>
  </testcase> <!-- @AfterMethod afterTest -->
  <testcase name="@BeforeMethod beforTest" time="0.0" classname="com.DeltaX.TestUtility.RegistrationTest">
    <skipped/>
  </testcase> <!-- @BeforeMethod beforTest -->
  <testcase name="@AfterMethod afterTest" time="0.0" classname="com.DeltaX.TestUtility.RegistrationTest">
    <skipped/>
  </testcase> <!-- @AfterMethod afterTest -->
  <testcase name="@BeforeMethod beforTest" time="0.0" classname="com.DeltaX.TestUtility.RegistrationTest">
    <skipped/>
  </testcase> <!-- @BeforeMethod beforTest -->
  <testcase name="@AfterMethod afterTest" time="0.0" classname="com.DeltaX.TestUtility.RegistrationTest">
    <skipped/>
  </testcase> <!-- @AfterMethod afterTest -->
  <testcase name="@BeforeMethod beforTest" time="0.0" classname="com.DeltaX.TestUtility.RegistrationTest">
    <skipped/>
  </testcase> <!-- @BeforeMethod beforTest -->
  <testcase name="@AfterMethod afterTest" time="0.0" classname="com.DeltaX.TestUtility.RegistrationTest">
    <skipped/>
  </testcase> <!-- @AfterMethod afterTest -->
  <testcase name="@BeforeMethod beforTest" time="0.0" classname="com.DeltaX.TestUtility.RegistrationTest">
    <skipped/>
  </testcase> <!-- @BeforeMethod beforTest -->
  <testcase name="@AfterMethod afterTest" time="0.0" classname="com.DeltaX.TestUtility.RegistrationTest">
    <skipped/>
  </testcase> <!-- @AfterMethod afterTest -->
  <testcase name="@BeforeMethod beforTest" time="0.0" classname="com.DeltaX.TestUtility.RegistrationTest">
    <skipped/>
  </testcase> <!-- @BeforeMethod beforTest -->
  <testcase name="@AfterMethod afterTest" time="0.0" classname="com.DeltaX.TestUtility.RegistrationTest">
    <skipped/>
  </testcase> <!-- @AfterMethod afterTest -->
  <testcase name="verifyRegistrationPageForManadatoryField" time="0.004" classname="com.DeltaX.TestUtility.RegistrationTest">
    <skipped/>
  </testcase> <!-- verifyRegistrationPageForManadatoryField -->
  <testcase name="verifyRegistrationPageForManadatoryField" time="0.003" classname="com.DeltaX.TestUtility.RegistrationTest">
    <skipped/>
  </testcase> <!-- verifyRegistrationPageForManadatoryField -->
  <testcase name="verifyRegistrationPageForManadatoryField" time="0.001" classname="com.DeltaX.TestUtility.RegistrationTest">
    <skipped/>
  </testcase> <!-- verifyRegistrationPageForManadatoryField -->
  <testcase name="verifyRegistrationPageForManadatoryField" time="0.002" classname="com.DeltaX.TestUtility.RegistrationTest">
    <skipped/>
  </testcase> <!-- verifyRegistrationPageForManadatoryField -->
  <testcase name="verifyRegistrationPageForManadatoryField" time="0.001" classname="com.DeltaX.TestUtility.RegistrationTest">
    <skipped/>
  </testcase> <!-- verifyRegistrationPageForManadatoryField -->
  <testcase name="verifyRegistrationPageForManadatoryField" time="0.001" classname="com.DeltaX.TestUtility.RegistrationTest">
    <skipped/>
  </testcase> <!-- verifyRegistrationPageForManadatoryField -->
  <testcase name="verifyRegistrationPageForManadatoryField" time="0.0" classname="com.DeltaX.TestUtility.RegistrationTest">
    <skipped/>
  </testcase> <!-- verifyRegistrationPageForManadatoryField -->
  <testcase name="verifyRegistrationPageForManadatoryField" time="0.003" classname="com.DeltaX.TestUtility.RegistrationTest">
    <skipped/>
  </testcase> <!-- verifyRegistrationPageForManadatoryField -->
  <testcase name="verifyRegistrationPageForManadatoryField" time="0.001" classname="com.DeltaX.TestUtility.RegistrationTest">
    <skipped/>
  </testcase> <!-- verifyRegistrationPageForManadatoryField -->
  <testcase name="verifyRegistrationPageForManadatoryField" time="0.001" classname="com.DeltaX.TestUtility.RegistrationTest">
    <skipped/>
  </testcase> <!-- verifyRegistrationPageForManadatoryField -->
  <testcase name="verifyRegistrationPageForManadatoryField" time="0.009" classname="com.DeltaX.TestUtility.RegistrationTest">
    <skipped/>
  </testcase> <!-- verifyRegistrationPageForManadatoryField -->
  <testcase name="verifyRegistrationPageForManadatoryField" time="0.0" classname="com.DeltaX.TestUtility.RegistrationTest">
    <skipped/>
  </testcase> <!-- verifyRegistrationPageForManadatoryField -->
  <testcase name="verifyRegistrationPageForManadatoryField" time="0.001" classname="com.DeltaX.TestUtility.RegistrationTest">
    <skipped/>
  </testcase> <!-- verifyRegistrationPageForManadatoryField -->
  <testcase name="verifyRegistrationPageForManadatoryField" time="0.001" classname="com.DeltaX.TestUtility.RegistrationTest">
    <skipped/>
  </testcase> <!-- verifyRegistrationPageForManadatoryField -->
  <testcase name="verifyRegistrationPageForManadatoryField" time="0.001" classname="com.DeltaX.TestUtility.RegistrationTest">
    <skipped/>
  </testcase> <!-- verifyRegistrationPageForManadatoryField -->
  <testcase name="verifyRegistrationPageForManadatoryField" time="0.001" classname="com.DeltaX.TestUtility.RegistrationTest">
    <skipped/>
  </testcase> <!-- verifyRegistrationPageForManadatoryField -->
  <testcase name="verifyRegistrationPageForManadatoryField" time="0.0" classname="com.DeltaX.TestUtility.RegistrationTest">
    <skipped/>
  </testcase> <!-- verifyRegistrationPageForManadatoryField -->
  <testcase name="verifyRegistrationPageForManadatoryField" time="0.0" classname="com.DeltaX.TestUtility.RegistrationTest">
    <skipped/>
  </testcase> <!-- verifyRegistrationPageForManadatoryField -->
  <testcase name="verifyRegistrationPageForManadatoryField" time="0.001" classname="com.DeltaX.TestUtility.RegistrationTest">
    <skipped/>
  </testcase> <!-- verifyRegistrationPageForManadatoryField -->
  <testcase name="verifyRegistrationPageForManadatoryField" time="0.001" classname="com.DeltaX.TestUtility.RegistrationTest">
    <skipped/>
  </testcase> <!-- verifyRegistrationPageForManadatoryField -->
  <testcase name="verifyRegistrationPageForManadatoryField" time="0.002" classname="com.DeltaX.TestUtility.RegistrationTest">
    <skipped/>
  </testcase> <!-- verifyRegistrationPageForManadatoryField -->
  <testcase name="verifyRegistrationPageForManadatoryField" time="0.002" classname="com.DeltaX.TestUtility.RegistrationTest">
    <skipped/>
  </testcase> <!-- verifyRegistrationPageForManadatoryField -->
  <testcase name="verifyRegistrationPageForManadatoryField" time="0.002" classname="com.DeltaX.TestUtility.RegistrationTest">
    <skipped/>
  </testcase> <!-- verifyRegistrationPageForManadatoryField -->
  <testcase name="verifyRegistrationPageForManadatoryField" time="0.001" classname="com.DeltaX.TestUtility.RegistrationTest">
    <skipped/>
  </testcase> <!-- verifyRegistrationPageForManadatoryField -->
  <testcase name="verifyRegistrationPageForManadatoryField" time="0.001" classname="com.DeltaX.TestUtility.RegistrationTest">
    <skipped/>
  </testcase> <!-- verifyRegistrationPageForManadatoryField -->
  <testcase name="verifyRegistrationPageForManadatoryField" time="0.004" classname="com.DeltaX.TestUtility.RegistrationTest">
    <skipped/>
  </testcase> <!-- verifyRegistrationPageForManadatoryField -->
  <testcase name="verifyRegistrationPageForManadatoryField" time="0.001" classname="com.DeltaX.TestUtility.RegistrationTest">
    <skipped/>
  </testcase> <!-- verifyRegistrationPageForManadatoryField -->
  <testcase name="verifyRegistrationPageForManadatoryField" time="0.001" classname="com.DeltaX.TestUtility.RegistrationTest">
    <skipped/>
  </testcase> <!-- verifyRegistrationPageForManadatoryField -->
  <testcase name="verifyRegistrationPageForManadatoryField" time="0.0" classname="com.DeltaX.TestUtility.RegistrationTest">
    <skipped/>
  </testcase> <!-- verifyRegistrationPageForManadatoryField -->
  <testcase name="verifyRegistrationPageForManadatoryField" time="0.0" classname="com.DeltaX.TestUtility.RegistrationTest">
    <skipped/>
  </testcase> <!-- verifyRegistrationPageForManadatoryField -->
  <testcase name="verifyRegistrationPageForManadatoryField" time="0.006" classname="com.DeltaX.TestUtility.RegistrationTest">
    <skipped/>
  </testcase> <!-- verifyRegistrationPageForManadatoryField -->
  <testcase name="verifyRegistrationPageForManadatoryField" time="0.002" classname="com.DeltaX.TestUtility.RegistrationTest">
    <skipped/>
  </testcase> <!-- verifyRegistrationPageForManadatoryField -->
  <testcase name="verifyRegistrationPageForManadatoryField" time="0.001" classname="com.DeltaX.TestUtility.RegistrationTest">
    <skipped/>
  </testcase> <!-- verifyRegistrationPageForManadatoryField -->
  <testcase name="verifyTitlePage" time="0.001" classname="com.DeltaX.TestUtility.RegistrationTest">
    <skipped/>
  </testcase> <!-- verifyTitlePage -->
</testsuite> <!-- Registration Page -->
